Project1.exe: 000055C0: 09:37:06 []:>--------------------------------------------------------------<
Project1.exe: 000055C0: 09:37:06 [TUniServerModule]:Server First Init.
Project1.exe: 000055C0: 09:37:06 [TUniServerModule]:Start Path = D:\aplikasi\selfdev\delphi\
Project1.exe: 000055C0: 09:37:06 [TUniServerModule]:Debug Mode = ON
Project1.exe: 000055C0: 09:37:06 [TUniGUISessionManager]:Cache erase job created, Folder count: [1]
Project1.exe: 000055C0: 09:37:06 [TUniServerModule]:Starting HTTP Server on Port: 8077...
Project1.exe: 000055C0: 09:37:07 [TUniServerModule]:HTTP Server Started on Port: 8077
Project1.exe: 00003594: 09:37:38 [127.0.0.1]:
Project1.exe: 0000240C: 09:37:39 [127.0.0.1]:Ajax=1
IsEvent=1
Obj=O0
Evt=cinfo
ci=br%3D33%3Bos%3D4%3Bbv%3D127%3Bww%3D2133%3Bwh%3D1021
_S_ID=K4eBCpMpRW10F4F9173
_seq_=0
_uo_=O0

Project1.exe: 00004DCC: 09:37:42 [127.0.0.1]:Ajax=1
IsEvent=1
Obj=O0
Evt=move
this=O0
x=808
y=378
_S_ID=K4eBCpMpRW10F4F9173
_seq_=1
_uo_=O0

Project1.exe: 00002F34: 09:37:43 [127.0.0.1]:Ajax=1
IsEvent=1
Obj=O0
Evt=activate
this=O0
_S_ID=K4eBCpMpRW10F4F9173
_seq_=2
_uo_=O0

Project1.exe: 000049CC: 09:37:43 [127.0.0.1]:Ajax=1
IsEvent=1
Obj=O0
Evt=resize
this=O0
w=517
h=265
_S_ID=K4eBCpMpRW10F4F9173
_seq_=3
_uo_=O0

Project1.exe: 00004D9C: 09:37:47 [127.0.0.1]:Ajax=1
IsEvent=1
Obj=O23
Evt=click
this=O23
_S_ID=K4eBCpMpRW10F4F9173
_fp_=%26O13%3D%25020%2502%2502admin%26O17%3D%25020%2502%2502mypassword
_seq_=4
_uo_=O0

Project1.exe: 00005608: 09:37:47 [127.0.0.1]:Ajax=1
IsEvent=1
Obj=O0
Evt=deactivate
this=O0
_S_ID=K4eBCpMpRW10F4F9173
_seq_=5
_a_=1
_uo_=O0

Project1.exe: 00000584: 09:37:49 [127.0.0.1]:Ajax=1
IsEvent=1
Obj=O31
Evt=move
this=O31
x=618
y=247
_S_ID=K4eBCpMpRW10F4F9173
_seq_=6
_a_=1
_uo_=O31

Project1.exe: 00005FC4: 09:37:50 [127.0.0.1]:Ajax=1
IsEvent=1
Obj=O31
Evt=resize
this=O31
w=896
h=527
_S_ID=K4eBCpMpRW10F4F9173
_seq_=7
_a_=1
_uo_=O31

Project1.exe: 00002788: 09:37:51 [127.0.0.1]:Ajax=1
IsEvent=1
Obj=O31
Evt=resize
this=O31
w=2133
h=1021
_S_ID=K4eBCpMpRW10F4F9173
_seq_=8
_a_=1
_uo_=O31

Project1.exe: 000036AC: 09:37:51 [127.0.0.1]:Ajax=1
IsEvent=1
Obj=O31
Evt=move
this=O31
x=0
y=0
_S_ID=K4eBCpMpRW10F4F9173
_seq_=9
_a_=1
_uo_=O31

Project1.exe: 00004710: 09:37:51 [127.0.0.1]:Ajax=1
IsEvent=1
Obj=O31
Evt=maximize
this=O31
_S_ID=K4eBCpMpRW10F4F9173
_seq_=a
_a_=1
_uo_=O31

Project1.exe: 00003D70: 09:37:53 [127.0.0.1]:Ajax=1
IsEvent=1
Obj=O31
Evt=activate
this=O31
_S_ID=K4eBCpMpRW10F4F9173
_seq_=b
_a_=1
_uo_=O31

Project1.exe: 00001504: 09:37:53 [127.0.0.1]:Ajax=1
IsEvent=1
Obj=O66
Evt=click
this=O66
_S_ID=K4eBCpMpRW10F4F9173
_seq_=c
_uo_=O31

Project1.exe: 000038F8: 09:37:54 [127.0.0.1]:Ajax=1
IsEvent=1
Obj=O44
Evt=resize
w%3D2134
h%3D1021
_S_ID=K4eBCpMpRW10F4F9173
_seq_=d
_a_=1
_uo_=O31

Project1.exe: 00001780: 09:37:58 [127.0.0.1]:Ajax=1
IsEvent=1
Obj=O6B
Evt=move
this=O6B
x=648
y=266
_S_ID=K4eBCpMpRW10F4F9173
_seq_=e
_a_=1
_uo_=O6B

Project1.exe: 00002AD4: 09:37:58 [127.0.0.1]:IsEvent=1
Obj=O82
Evt=data
_dc=1723603074901
start=0
limit=25
options=1
page=1

Project1.exe: 00000DB4: 09:37:58 [127.0.0.1]:Ajax=1
IsEvent=1
Obj=O6B
Evt=resize
this=O6B
w=837
h=488
_S_ID=K4eBCpMpRW10F4F9173
_seq_=f
_a_=1
_uo_=O6B

Project1.exe: 000050E0: 09:37:59 [127.0.0.1]:Ajax=1
IsEvent=1
Obj=O31
Evt=deactivate
this=O31
_S_ID=K4eBCpMpRW10F4F9173
_seq_=10
_a_=1
_uo_=O31

Project1.exe: 00002204: 09:37:59 [127.0.0.1]:Ajax=1
IsEvent=1
Obj=O6B
Evt=activate
this=O6B
_S_ID=K4eBCpMpRW10F4F9173
_seq_=11
_a_=1
_uo_=O6B

Project1.exe: 00003BF0: 09:37:59 [127.0.0.1]:Ajax=1
IsEvent=1
Obj=O82
Evt=load
this=O82
_S_ID=K4eBCpMpRW10F4F9173
_seq_=12
_a_=1
_uo_=O6B

Project1.exe: 000050EC: 09:38:07 [127.0.0.1]:Ajax=1
IsEvent=1
Obj=O97
Evt=edited
This=O97
_S_ID=K4eBCpMpRW10F4F9173
_fp_=%26O8B%3D%25020%2502%2502hb%26O8F%3D%25020%2502%2502hb%26O93%3D%25020%2502%2502hb
_seq_=13
_uo_=O6B

Project1.exe: 00002C64: 09:38:07 [127.0.0.1]:Ajax=1
IsEvent=1
Obj=O97
Evt=select

_S_ID=K4eBCpMpRW10F4F9173
_fp_=%26O8B%3D%25021%2502%2502hb%26O8F%3D%25021%2502%2502hb%26O93%3D%25021%2502%2502hb%26O97%3D%25020%2502%2502admin
_seq_=14
_uo_=O6B

Project1.exe: 00005EA0: 09:38:07 [127.0.0.1]:Ajax=1
IsEvent=1
Obj=O97
Evt=blurchange
_S_ID=K4eBCpMpRW10F4F9173
_fp_=%26O8B%3D%25022%2502%2502hb%26O8F%3D%25022%2502%2502hb%26O93%3D%25022%2502%2502hb%26O97%3D%25021%2502%2502admin
_seq_=15
_uo_=O6B

Project1.exe: 0000248C: 09:38:08 [127.0.0.1]:Ajax=1
IsEvent=1
Obj=O87
Evt=click
this=O87
_S_ID=K4eBCpMpRW10F4F9173
_fp_=%26O8B%3D%25023%2502%2502hb%26O8F%3D%25023%2502%2502hb%26O93%3D%25023%2502%2502hb%26O97%3D%25022%2502%2502admin
_seq_=16
_uo_=O6B

Project1.exe: 000038E8: 09:39:40 []:>--------------------------------------------------------------<
Project1.exe: 000038E8: 09:39:40 [TUniServerModule]:Server First Init.
Project1.exe: 000038E8: 09:39:40 [TUniServerModule]:Start Path = D:\aplikasi\selfdev\delphi\
Project1.exe: 000038E8: 09:39:40 [TUniServerModule]:Debug Mode = ON
Project1.exe: 000038E8: 09:39:40 [TUniGUISessionManager]:Cache erase job created, Folder count: [1]
Project1.exe: 000038E8: 09:39:41 [TUniServerModule]:Starting HTTP Server on Port: 8077...
Project1.exe: 000038E8: 09:39:41 [TUniServerModule]:HTTP Server Started on Port: 8077
Project1.exe: 00004228: 09:39:42 [127.0.0.1]:EUniSessionException : Invalid session or session Timeout. (Session not found: K4eBCpMpRW10F4F9173 ) : Addr: $005D6B01
Project1.exe: 00003858: 09:39:42 [127.0.0.1]:EUniSessionException : Invalid session or session Timeout. (Session not found: K4eBCpMpRW10F4F9173 ) : Addr: $005D6B01
Project1.exe: 00004818: 09:39:55 [127.0.0.1]:
Project1.exe: 00005A7C: 09:39:56 [127.0.0.1]:Ajax=1
IsEvent=1
Obj=O0
Evt=cinfo
ci=br%3D33%3Bos%3D4%3Bbv%3D127%3Bww%3D2133%3Bwh%3D1021
_S_ID=e6dCStCoT110F4F9211
_seq_=0
_uo_=O0

Project1.exe: 00005834: 09:39:58 [127.0.0.1]:Ajax=1
IsEvent=1
Obj=O0
Evt=move
this=O0
x=808
y=378
_S_ID=e6dCStCoT110F4F9211
_seq_=1
_uo_=O0

Project1.exe: 0000494C: 09:39:58 [127.0.0.1]:Ajax=1
IsEvent=1
Obj=O0
Evt=activate
this=O0
_S_ID=e6dCStCoT110F4F9211
_seq_=2
_uo_=O0

Project1.exe: 00003370: 09:39:58 [127.0.0.1]:Ajax=1
IsEvent=1
Obj=O0
Evt=resize
this=O0
w=517
h=265
_S_ID=e6dCStCoT110F4F9211
_seq_=3
_uo_=O0

Project1.exe: 00002188: 09:40:07 [127.0.0.1]:Ajax=1
IsEvent=1
Obj=O23
Evt=click
this=O23
_S_ID=e6dCStCoT110F4F9211
_fp_=%26O13%3D%25020%2502%2502admin%26O17%3D%25020%2502%2502mypassword
_seq_=4
_uo_=O0

Project1.exe: 00004450: 09:40:07 [127.0.0.1]:Ajax=1
IsEvent=1
Obj=O0
Evt=deactivate
this=O0
_S_ID=e6dCStCoT110F4F9211
_seq_=5
_a_=1
_uo_=O0

Project1.exe: 00002858: 09:40:10 [127.0.0.1]:Ajax=1
IsEvent=1
Obj=O31
Evt=move
this=O31
x=618
y=247
_S_ID=e6dCStCoT110F4F9211
_seq_=6
_a_=1
_uo_=O31

Project1.exe: 00001E24: 09:40:10 [127.0.0.1]:Ajax=1
IsEvent=1
Obj=O31
Evt=resize
this=O31
w=896
h=527
_S_ID=e6dCStCoT110F4F9211
_seq_=7
_a_=1
_uo_=O31

Project1.exe: 0000430C: 09:40:10 [127.0.0.1]:Ajax=1
IsEvent=1
Obj=O31
Evt=resize
this=O31
w=2133
h=1021
_S_ID=e6dCStCoT110F4F9211
_seq_=8
_a_=1
_uo_=O31

Project1.exe: 00003F50: 09:40:12 [127.0.0.1]:Ajax=1
IsEvent=1
Obj=O31
Evt=move
this=O31
x=0
y=0
_S_ID=e6dCStCoT110F4F9211
_seq_=9
_a_=1
_uo_=O31

Project1.exe: 00004EE8: 09:40:13 [127.0.0.1]:Ajax=1
IsEvent=1
Obj=O31
Evt=maximize
this=O31
_S_ID=e6dCStCoT110F4F9211
_seq_=a
_a_=1
_uo_=O31

Project1.exe: 00000C44: 09:40:13 [127.0.0.1]:Ajax=1
IsEvent=1
Obj=O31
Evt=activate
this=O31
_S_ID=e6dCStCoT110F4F9211
_seq_=b
_a_=1
_uo_=O31

Project1.exe: 0000393C: 09:40:13 [127.0.0.1]:Ajax=1
IsEvent=1
Obj=O66
Evt=click
this=O66
_S_ID=e6dCStCoT110F4F9211
_seq_=c
_uo_=O31

Project1.exe: 00005228: 09:40:14 [127.0.0.1]:Ajax=1
IsEvent=1
Obj=O44
Evt=resize
w%3D2134
h%3D1021
_S_ID=e6dCStCoT110F4F9211
_seq_=d
_a_=1
_uo_=O31

Project1.exe: 00002C30: 09:40:18 [127.0.0.1]:Ajax=1
IsEvent=1
Obj=O6B
Evt=move
this=O6B
x=648
y=266
_S_ID=e6dCStCoT110F4F9211
_seq_=e
_a_=1
_uo_=O6B

Project1.exe: 000009B8: 09:40:19 [127.0.0.1]:Ajax=1
IsEvent=1
Obj=O6B
Evt=resize
this=O6B
w=837
h=488
_S_ID=e6dCStCoT110F4F9211
_seq_=f
_a_=1
_uo_=O6B

Project1.exe: 00001430: 09:40:19 [127.0.0.1]:IsEvent=1
Obj=O82
Evt=data
_dc=1723603215132
start=0
limit=25
options=1
page=1

Project1.exe: 000044D8: 09:40:20 [127.0.0.1]:Ajax=1
IsEvent=1
Obj=O31
Evt=deactivate
this=O31
_S_ID=e6dCStCoT110F4F9211
_seq_=10
_a_=1
_uo_=O31

Project1.exe: 000054BC: 09:40:20 [127.0.0.1]:Ajax=1
IsEvent=1
Obj=O6B
Evt=activate
this=O6B
_S_ID=e6dCStCoT110F4F9211
_seq_=11
_a_=1
_uo_=O6B

Project1.exe: 000028E0: 09:40:23 [127.0.0.1]:Ajax=1
IsEvent=1
Obj=O82
Evt=load
this=O82
_S_ID=e6dCStCoT110F4F9211
_fp_=%26O8B%3D%25020%2502%2502er%26O8F%3D%25020%2502%2502er%26O93%3D%25020%2502%2502er
_seq_=12
_a_=1
_uo_=O6B

Project1.exe: 00003198: 09:40:23 [127.0.0.1]:Ajax=1
IsEvent=1
Obj=O97
Evt=edited
This=O97
_S_ID=e6dCStCoT110F4F9211
_fp_=%26O8B%3D%25021%2502%2502er%26O8F%3D%25021%2502%2502er%26O93%3D%25021%2502%2502er
_seq_=13
_uo_=O6B

Project1.exe: 00001AC8: 09:40:23 [127.0.0.1]:Ajax=1
IsEvent=1
Obj=O97
Evt=select

_S_ID=e6dCStCoT110F4F9211
_fp_=%26O8B%3D%25022%2502%2502er%26O8F%3D%25022%2502%2502er%26O93%3D%25022%2502%2502er%26O97%3D%25020%2502%2502manager
_seq_=14
_uo_=O6B

Project1.exe: 00002058: 09:40:24 [127.0.0.1]:Ajax=1
IsEvent=1
Obj=O97
Evt=blurchange
_S_ID=e6dCStCoT110F4F9211
_fp_=%26O8B%3D%25023%2502%2502er%26O8F%3D%25023%2502%2502er%26O93%3D%25023%2502%2502er%26O97%3D%25021%2502%2502manager
_seq_=15
_uo_=O6B

Project1.exe: 00005EF0: 09:40:24 [127.0.0.1]:Ajax=1
IsEvent=1
Obj=O87
Evt=click
this=O87
_S_ID=e6dCStCoT110F4F9211
_fp_=%26O8B%3D%25024%2502%2502er%26O8F%3D%25024%2502%2502er%26O93%3D%25024%2502%2502er%26O97%3D%25022%2502%2502manager
_seq_=16
_uo_=O6B

Project1.exe: 00001DA0: 09:42:54 []:>--------------------------------------------------------------<
Project1.exe: 00001DA0: 09:42:54 [TUniServerModule]:Server First Init.
Project1.exe: 00001DA0: 09:42:54 [TUniServerModule]:Start Path = D:\aplikasi\selfdev\delphi\
Project1.exe: 00001DA0: 09:42:54 [TUniServerModule]:Debug Mode = ON
Project1.exe: 00001DA0: 09:42:54 [TUniGUISessionManager]:Cache erase job created, Folder count: [1]
Project1.exe: 00001DA0: 09:42:54 [TUniServerModule]:Starting HTTP Server on Port: 8077...
Project1.exe: 00001DA0: 09:42:55 [TUniServerModule]:HTTP Server Started on Port: 8077
Project1.exe: 000039B4: 09:43:02 [127.0.0.1]:
Project1.exe: 0000445C: 09:43:02 [127.0.0.1]:Ajax=1
IsEvent=1
Obj=O0
Evt=cinfo
ci=br%3D33%3Bos%3D4%3Bbv%3D127%3Bww%3D2133%3Bwh%3D1021
_S_ID=uMl9Mv1wtn10F4F92E9
_seq_=0
_uo_=O0

Project1.exe: 000059A4: 09:43:04 [127.0.0.1]:Ajax=1
IsEvent=1
Obj=O0
Evt=move
this=O0
x=808
y=378
_S_ID=uMl9Mv1wtn10F4F92E9
_seq_=1
_uo_=O0

Project1.exe: 00005D10: 09:43:04 [127.0.0.1]:Ajax=1
IsEvent=1
Obj=O0
Evt=activate
this=O0
_S_ID=uMl9Mv1wtn10F4F92E9
_seq_=2
_uo_=O0

Project1.exe: 000033DC: 09:43:04 [127.0.0.1]:Ajax=1
IsEvent=1
Obj=O0
Evt=resize
this=O0
w=517
h=265
_S_ID=uMl9Mv1wtn10F4F92E9
_seq_=3
_uo_=O0

Project1.exe: 00004C6C: 09:43:10 [127.0.0.1]:Ajax=1
IsEvent=1
Obj=O23
Evt=click
this=O23
_S_ID=uMl9Mv1wtn10F4F92E9
_fp_=%26O13%3D%25020%2502%2502admin%26O17%3D%25020%2502%2502mypassword
_seq_=4
_uo_=O0

Project1.exe: 000004D0: 09:43:11 [127.0.0.1]:Ajax=1
IsEvent=1
Obj=O0
Evt=deactivate
this=O0
_S_ID=uMl9Mv1wtn10F4F92E9
_seq_=5
_a_=1
_uo_=O0

Project1.exe: 00003BA0: 09:43:13 [127.0.0.1]:Ajax=1
IsEvent=1
Obj=O31
Evt=move
this=O31
x=618
y=247
_S_ID=uMl9Mv1wtn10F4F92E9
_seq_=6
_a_=1
_uo_=O31

Project1.exe: 000040D8: 09:43:13 [127.0.0.1]:Ajax=1
IsEvent=1
Obj=O31
Evt=resize
this=O31
w=896
h=527
_S_ID=uMl9Mv1wtn10F4F92E9
_seq_=7
_a_=1
_uo_=O31

Project1.exe: 00005198: 09:43:13 [127.0.0.1]:Ajax=1
IsEvent=1
Obj=O31
Evt=resize
this=O31
w=2133
h=1021
_S_ID=uMl9Mv1wtn10F4F92E9
_seq_=8
_a_=1
_uo_=O31

Project1.exe: 0000025C: 09:43:15 [127.0.0.1]:Ajax=1
IsEvent=1
Obj=O31
Evt=move
this=O31
x=0
y=0
_S_ID=uMl9Mv1wtn10F4F92E9
_seq_=9
_a_=1
_uo_=O31

Project1.exe: 000047EC: 09:43:15 [127.0.0.1]:Ajax=1
IsEvent=1
Obj=O31
Evt=maximize
this=O31
_S_ID=uMl9Mv1wtn10F4F92E9
_seq_=a
_a_=1
_uo_=O31

Project1.exe: 00002718: 09:43:15 [127.0.0.1]:Ajax=1
IsEvent=1
Obj=O31
Evt=activate
this=O31
_S_ID=uMl9Mv1wtn10F4F92E9
_seq_=b
_a_=1
_uo_=O31

Project1.exe: 00005B74: 09:43:16 [127.0.0.1]:Ajax=1
IsEvent=1
Obj=O66
Evt=click
this=O66
_S_ID=uMl9Mv1wtn10F4F92E9
_seq_=c
_uo_=O31

Project1.exe: 00002F90: 09:43:17 [127.0.0.1]:Ajax=1
IsEvent=1
Obj=O44
Evt=resize
w%3D2134
h%3D1021
_S_ID=uMl9Mv1wtn10F4F92E9
_seq_=d
_a_=1
_uo_=O31

Project1.exe: 00002E9C: 09:43:29 [127.0.0.1]:Ajax=1
IsEvent=1
Obj=O6B
Evt=move
this=O6B
x=648
y=266
_S_ID=uMl9Mv1wtn10F4F92E9
_seq_=e
_a_=1
_uo_=O6B

Project1.exe: 000046D4: 09:43:31 [127.0.0.1]:IsEvent=1
Obj=O82
Evt=data
_dc=1723603406973
start=0
limit=25
options=1
page=1

Project1.exe: 00004318: 09:43:32 [127.0.0.1]:Ajax=1
IsEvent=1
Obj=O6B
Evt=resize
this=O6B
w=837
h=488
_S_ID=uMl9Mv1wtn10F4F92E9
_seq_=f
_a_=1
_uo_=O6B

Project1.exe: 00005130: 09:43:32 [127.0.0.1]:Ajax=1
IsEvent=1
Obj=O31
Evt=deactivate
this=O31
_S_ID=uMl9Mv1wtn10F4F92E9
_seq_=10
_a_=1
_uo_=O31

Project1.exe: 000056C0: 09:43:33 [127.0.0.1]:Ajax=1
IsEvent=1
Obj=O6B
Evt=activate
this=O6B
_S_ID=uMl9Mv1wtn10F4F92E9
_seq_=11
_a_=1
_uo_=O6B

Project1.exe: 00003C28: 09:43:34 [127.0.0.1]:Ajax=1
IsEvent=1
Obj=O82
Evt=load
this=O82
_S_ID=uMl9Mv1wtn10F4F92E9
_fp_=%26O8B%3D%25020%2502%2502df%26O8F%3D%25020%2502%2502df%26O93%3D%25020%2502%2502df
_seq_=12
_a_=1
_uo_=O6B

Project1.exe: 0000147C: 09:43:34 [127.0.0.1]:Ajax=1
IsEvent=1
Obj=O97
Evt=edited
This=O97
_S_ID=uMl9Mv1wtn10F4F92E9
_fp_=%26O8B%3D%25021%2502%2502df%26O8F%3D%25021%2502%2502df%26O93%3D%25021%2502%2502df
_seq_=13
_uo_=O6B

Project1.exe: 00003E18: 09:43:35 [127.0.0.1]:Ajax=1
IsEvent=1
Obj=O97
Evt=select

_S_ID=uMl9Mv1wtn10F4F92E9
_fp_=%26O8B%3D%25022%2502%2502df%26O8F%3D%25022%2502%2502df%26O93%3D%25022%2502%2502df%26O97%3D%25020%2502%2502staff
_seq_=14
_uo_=O6B

Project1.exe: 0000365C: 09:43:36 [127.0.0.1]:Ajax=1
IsEvent=1
Obj=O97
Evt=blurchange
_S_ID=uMl9Mv1wtn10F4F92E9
_fp_=%26O8B%3D%25023%2502%2502df%26O8F%3D%25023%2502%2502df%26O93%3D%25023%2502%2502df%26O97%3D%25021%2502%2502staff
_seq_=15
_uo_=O6B

Project1.exe: 00005D5C: 09:43:36 [127.0.0.1]:Ajax=1
IsEvent=1
Obj=O87
Evt=click
this=O87
_S_ID=uMl9Mv1wtn10F4F92E9
_fp_=%26O8B%3D%25024%2502%2502df%26O8F%3D%25024%2502%2502df%26O93%3D%25024%2502%2502df%26O97%3D%25022%2502%2502staff
_seq_=16
_uo_=O6B

Project1.exe: 00005238: 09:48:35 []:>--------------------------------------------------------------<
Project1.exe: 00005238: 09:48:35 [TUniServerModule]:Server First Init.
Project1.exe: 00005238: 09:48:35 [TUniServerModule]:Start Path = D:\aplikasi\selfdev\delphi\
Project1.exe: 00005238: 09:48:35 [TUniServerModule]:Debug Mode = ON
Project1.exe: 00005238: 09:48:35 [TUniGUISessionManager]:Cache erase job created, Folder count: [1]
Project1.exe: 00005238: 09:48:35 [TUniServerModule]:Starting HTTP Server on Port: 8077...
Project1.exe: 00005238: 09:48:36 [TUniServerModule]:HTTP Server Started on Port: 8077
Project1.exe: 000054C4: 09:48:37 [127.0.0.1]:EUniSessionException : Invalid session or session Timeout. (Session not found: uMl9Mv1wtn10F4F92E9 ) : Addr: $005D6B01
Project1.exe: 0000285C: 09:48:37 [127.0.0.1]:EUniSessionException : Invalid session or session Timeout. (Session not found: uMl9Mv1wtn10F4F92E9 ) : Addr: $005D6B01
Project1.exe: 000055CC: 09:52:49 [127.0.0.1]:
Project1.exe: 000039E8: 09:52:50 [127.0.0.1]:Ajax=1
IsEvent=1
Obj=O0
Evt=cinfo
ci=br%3D33%3Bos%3D4%3Bbv%3D127%3Bww%3D2133%3Bwh%3D1021
_S_ID=ZCNB6uphYq10F4F9590
_seq_=0
_uo_=O0

Project1.exe: 00003E14: 09:52:52 [127.0.0.1]:Ajax=1
IsEvent=1
Obj=O0
Evt=move
this=O0
x=808
y=378
_S_ID=ZCNB6uphYq10F4F9590
_seq_=1
_uo_=O0

Project1.exe: 00002DC4: 09:52:52 [127.0.0.1]:Ajax=1
IsEvent=1
Obj=O0
Evt=activate
this=O0
_S_ID=ZCNB6uphYq10F4F9590
_seq_=2
_uo_=O0

Project1.exe: 00004E9C: 09:52:52 [127.0.0.1]:Ajax=1
IsEvent=1
Obj=O0
Evt=resize
this=O0
w=517
h=265
_S_ID=ZCNB6uphYq10F4F9590
_seq_=3
_uo_=O0

Project1.exe: 000032D4: 09:52:54 [127.0.0.1]:Ajax=1
IsEvent=1
Obj=O17
Evt=focus
this=O17
_S_ID=ZCNB6uphYq10F4F9590
_fp_=%26O13%3D%25020%2502%2502admin
_seq_=4
_uo_=O0

Project1.exe: 00004D9C: 09:52:55 [127.0.0.1]:Ajax=1
IsEvent=1
Obj=O0
Evt=deactivate
this=O0
_S_ID=ZCNB6uphYq10F4F9590
_seq_=5
_a_=1
_uo_=O0

Project1.exe: 00004280: 09:52:57 [127.0.0.1]:Ajax=1
IsEvent=1
Obj=O0
Evt=activate
this=O0
_S_ID=ZCNB6uphYq10F4F9590
_seq_=6
_a_=1
_uo_=O0

Project1.exe: 00001350: 09:52:57 [127.0.0.1]:Ajax=1
IsEvent=1
Obj=O17
Evt=focus
this=O17
_S_ID=ZCNB6uphYq10F4F9590
_seq_=7
_a_=1
_uo_=O0

Project1.exe: 00003608: 09:52:58 [127.0.0.1]:Ajax=1
IsEvent=1
Obj=O0
Evt=deactivate
this=O0
_S_ID=ZCNB6uphYq10F4F9590
_seq_=8
_a_=1
_uo_=O0

Project1.exe: 00001904: 09:52:58 [127.0.0.1]:Ajax=1
IsEvent=1
Obj=O0
Evt=activate
this=O0
_S_ID=ZCNB6uphYq10F4F9590
_seq_=9
_a_=1
_uo_=O0

Project1.exe: 00003258: 09:52:59 [127.0.0.1]:Ajax=1
IsEvent=1
Obj=O17
Evt=focus
this=O17
_S_ID=ZCNB6uphYq10F4F9590
_seq_=a
_a_=1
_uo_=O0

Project1.exe: 00002020: 09:53:00 [127.0.0.1]:Ajax=1
IsEvent=1
Obj=O0
Evt=deactivate
this=O0
_S_ID=ZCNB6uphYq10F4F9590
_seq_=b
_a_=1
_uo_=O0

Project1.exe: 00002C58: 09:53:02 [127.0.0.1]:Ajax=1
IsEvent=1
Obj=O0
Evt=activate
this=O0
_S_ID=ZCNB6uphYq10F4F9590
_seq_=c
_a_=1
_uo_=O0

Project1.exe: 00004378: 09:53:03 [127.0.0.1]:Ajax=1
IsEvent=1
Obj=O17
Evt=focus
this=O17
_S_ID=ZCNB6uphYq10F4F9590
_seq_=d
_a_=1
_uo_=O0

Project1.exe: 00001D54: 09:53:03 [127.0.0.1]:Ajax=1
IsEvent=1
Obj=O0
Evt=deactivate
this=O0
_S_ID=ZCNB6uphYq10F4F9590
_fp_=%26O17%3D%25020%2502%2502my
_seq_=e
_a_=1
_uo_=O0

Project1.exe: 00001498: 09:53:05 [127.0.0.1]:Ajax=1
IsEvent=1
Obj=O0
Evt=activate
this=O0
_S_ID=ZCNB6uphYq10F4F9590
_seq_=f
_a_=1
_uo_=O0

Project1.exe: 00000740: 09:53:05 [127.0.0.1]:Ajax=1
IsEvent=1
Obj=O17
Evt=focus
this=O17
_S_ID=ZCNB6uphYq10F4F9590
_seq_=10
_a_=1
_uo_=O0

Project1.exe: 00003DAC: 09:53:06 [127.0.0.1]:Ajax=1
IsEvent=1
Obj=O0
Evt=deactivate
this=O0
_S_ID=ZCNB6uphYq10F4F9590
_seq_=11
_a_=1
_uo_=O0

Project1.exe: 00002BF4: 09:53:11 [127.0.0.1]:Ajax=1
IsEvent=1
Obj=O0
Evt=activate
this=O0
_S_ID=ZCNB6uphYq10F4F9590
_seq_=12
_a_=1
_uo_=O0

Project1.exe: 000014B0: 09:53:11 [127.0.0.1]:Ajax=1
IsEvent=1
Obj=O17
Evt=focus
this=O17
_S_ID=ZCNB6uphYq10F4F9590
_seq_=13
_a_=1
_uo_=O0

Project1.exe: 00001380: 09:53:11 [127.0.0.1]:Ajax=1
IsEvent=1
Obj=O0
Evt=deactivate
this=O0
_S_ID=ZCNB6uphYq10F4F9590
_seq_=14
_a_=1
_uo_=O0

Project1.exe: 0000456C: 09:53:14 [127.0.0.1]:Ajax=1
IsEvent=1
Obj=O0
Evt=activate
this=O0
_S_ID=ZCNB6uphYq10F4F9590
_seq_=15
_a_=1
_uo_=O0

Project1.exe: 00000308: 09:53:14 [127.0.0.1]:Ajax=1
IsEvent=1
Obj=O17
Evt=focus
this=O17
_S_ID=ZCNB6uphYq10F4F9590
_seq_=16
_a_=1
_uo_=O0

Project1.exe: 00001604: 09:53:14 [127.0.0.1]:Ajax=1
IsEvent=1
Obj=O0
Evt=deactivate
this=O0
_S_ID=ZCNB6uphYq10F4F9590
_fp_=%26O17%3D%25021%2502%2502mypass
_seq_=17
_a_=1
_uo_=O0

Project1.exe: 00002624: 09:53:17 [127.0.0.1]:Ajax=1
IsEvent=1
Obj=O0
Evt=activate
this=O0
_S_ID=ZCNB6uphYq10F4F9590
_seq_=18
_a_=1
_uo_=O0

Project1.exe: 00002444: 09:53:17 [127.0.0.1]:Ajax=1
IsEvent=1
Obj=O17
Evt=focus
this=O17
_S_ID=ZCNB6uphYq10F4F9590
_seq_=19
_a_=1
_uo_=O0

Project1.exe: 00003754: 09:53:17 [127.0.0.1]:Ajax=1
IsEvent=1
Obj=O0
Evt=deactivate
this=O0
_S_ID=ZCNB6uphYq10F4F9590
_fp_=%26O17%3D%25022%2502%2502mypassword
_seq_=1a
_a_=1
_uo_=O0

Project1.exe: 000045EC: 09:53:20 [127.0.0.1]:Ajax=1
IsEvent=1
Obj=O0
Evt=activate
this=O0
_S_ID=ZCNB6uphYq10F4F9590
_seq_=1b
_a_=1
_uo_=O0

Project1.exe: 000037C4: 09:53:20 [127.0.0.1]:Ajax=1
IsEvent=1
Obj=O17
Evt=focus
this=O17
_S_ID=ZCNB6uphYq10F4F9590
_seq_=1c
_a_=1
_uo_=O0

Project1.exe: 000039A8: 09:53:22 [127.0.0.1]:Ajax=1
IsEvent=1
Obj=O0
Evt=deactivate
this=O0
_S_ID=ZCNB6uphYq10F4F9590
_seq_=1d
_a_=1
_uo_=O0

Project1.exe: 000037B8: 09:53:23 [127.0.0.1]:Ajax=1
IsEvent=1
Obj=O32
Evt=move
this=O32
x=618
y=247
_S_ID=ZCNB6uphYq10F4F9590
_seq_=1e
_a_=1
_uo_=O32

Project1.exe: 0000208C: 09:53:23 [127.0.0.1]:Ajax=1
IsEvent=1
Obj=O32
Evt=resize
this=O32
w=896
h=527
_S_ID=ZCNB6uphYq10F4F9590
_seq_=1f
_a_=1
_uo_=O32

Project1.exe: 00003668: 09:53:23 [127.0.0.1]:Ajax=1
IsEvent=1
Obj=O32
Evt=resize
this=O32
w=2133
h=1021
_S_ID=ZCNB6uphYq10F4F9590
_seq_=20
_a_=1
_uo_=O32

Project1.exe: 00004AFC: 09:53:23 [127.0.0.1]:Ajax=1
IsEvent=1
Obj=O32
Evt=move
this=O32
x=0
y=0
_S_ID=ZCNB6uphYq10F4F9590
_seq_=21
_a_=1
_uo_=O32

Project1.exe: 00000EB8: 09:53:25 [127.0.0.1]:Ajax=1
IsEvent=1
Obj=O32
Evt=maximize
this=O32
_S_ID=ZCNB6uphYq10F4F9590
_seq_=22
_a_=1
_uo_=O32

Project1.exe: 0000225C: 09:53:25 [127.0.0.1]:Ajax=1
IsEvent=1
Obj=O32
Evt=activate
this=O32
_S_ID=ZCNB6uphYq10F4F9590
_seq_=23
_a_=1
_uo_=O32

Project1.exe: 00000AF0: 09:53:25 [127.0.0.1]:Ajax=1
IsEvent=1
Obj=O67
Evt=click
this=O67
_S_ID=ZCNB6uphYq10F4F9590
_seq_=24
_uo_=O32

Project1.exe: 0000464C: 09:53:26 [127.0.0.1]:Ajax=1
IsEvent=1
Obj=O45
Evt=resize
w%3D2134
h%3D1021
_S_ID=ZCNB6uphYq10F4F9590
_seq_=25
_a_=1
_uo_=O32

Project1.exe: 00005CB8: 09:53:29 [127.0.0.1]:Ajax=1
IsEvent=1
Obj=O6C
Evt=move
this=O6C
x=648
y=266
_S_ID=ZCNB6uphYq10F4F9590
_seq_=26
_a_=1
_uo_=O6C

Project1.exe: 00000CB8: 09:53:30 [127.0.0.1]:Ajax=1
IsEvent=1
Obj=O6C
Evt=resize
this=O6C
w=837
h=488
_S_ID=ZCNB6uphYq10F4F9590
_seq_=27
_a_=1
_uo_=O6C

Project1.exe: 00005CE4: 09:53:30 [127.0.0.1]:IsEvent=1
Obj=O83
Evt=data
_dc=1723604007062
start=0
limit=25
options=1
page=1

Project1.exe: 00000290: 09:53:30 [127.0.0.1]:Ajax=1
IsEvent=1
Obj=O32
Evt=deactivate
this=O32
_S_ID=ZCNB6uphYq10F4F9590
_seq_=28
_a_=1
_uo_=O32

Project1.exe: 00003490: 09:53:30 [127.0.0.1]:Ajax=1
IsEvent=1
Obj=O6C
Evt=activate
this=O6C
_S_ID=ZCNB6uphYq10F4F9590
_seq_=29
_a_=1
_uo_=O6C

Project1.exe: 000008F0: 09:53:31 [127.0.0.1]:Ajax=1
IsEvent=1
Obj=O83
Evt=load
this=O83
_S_ID=ZCNB6uphYq10F4F9590
_fp_=%26O8C%3D%25020%2502%2502ad%26O90%3D%25020%2502%2502q%26O94%3D%25020%2502%2502asd
_seq_=2a
_a_=1
_uo_=O6C

Project1.exe: 00003D94: 09:53:33 [127.0.0.1]:Ajax=1
IsEvent=1
Obj=O88
Evt=click
this=O88
_S_ID=ZCNB6uphYq10F4F9590
_seq_=2b
_uo_=O6C

Project1.exe: 00002DB4: 09:56:23 []:>--------------------------------------------------------------<
Project1.exe: 00002DB4: 09:56:23 [TUniServerModule]:Server First Init.
Project1.exe: 00002DB4: 09:56:23 [TUniServerModule]:Start Path = D:\aplikasi\selfdev\delphi\
Project1.exe: 00002DB4: 09:56:23 [TUniServerModule]:Debug Mode = ON
Project1.exe: 00002DB4: 09:56:23 [TUniGUISessionManager]:Cache erase job created, Folder count: [1]
Project1.exe: 00002DB4: 09:56:23 [TUniServerModule]:Starting HTTP Server on Port: 8077...
Project1.exe: 00002DB4: 09:56:23 [TUniServerModule]:HTTP Server Started on Port: 8077
Project1.exe: 00003480: 09:56:56 [127.0.0.1]:EUniSessionException : Invalid session or session Timeout. (Session not found: ZCNB6uphYq10F4F9590 ) : Addr: $005D6B01
Project1.exe: 000016B8: 09:56:57 [127.0.0.1]:
Project1.exe: 000024F0: 09:56:58 [127.0.0.1]:EUniSessionException : Invalid session or session Timeout. (Session not found: ZCNB6uphYq10F4F9590 ) : Addr: $005D6B01
Project1.exe: 00004740: 09:57:01 [127.0.0.1]:Ajax=1
IsEvent=1
Obj=O0
Evt=cinfo
ci=br%3D33%3Bos%3D4%3Bbv%3D127%3Bww%3D2133%3Bwh%3D1021
_S_ID=Mfxv3Fb7Fn10F4F96AF
_seq_=0
_uo_=O0

Project1.exe: 00001F20: 09:57:03 [127.0.0.1]:Ajax=1
IsEvent=1
Obj=O0
Evt=move
this=O0
x=808
y=378
_S_ID=Mfxv3Fb7Fn10F4F96AF
_seq_=1
_uo_=O0

Project1.exe: 00004F04: 09:57:03 [127.0.0.1]:Ajax=1
IsEvent=1
Obj=O0
Evt=activate
this=O0
_S_ID=Mfxv3Fb7Fn10F4F96AF
_seq_=2
_uo_=O0

Project1.exe: 00004A18: 09:57:03 [127.0.0.1]:Ajax=1
IsEvent=1
Obj=O0
Evt=resize
this=O0
w=517
h=265
_S_ID=Mfxv3Fb7Fn10F4F96AF
_seq_=3
_uo_=O0

Project1.exe: 00004180: 09:57:05 [127.0.0.1]:Ajax=1
IsEvent=1
Obj=O23
Evt=click
this=O23
_S_ID=Mfxv3Fb7Fn10F4F96AF
_fp_=%26O13%3D%25020%2502%2502admin%26O17%3D%25020%2502%2502mypassword
_seq_=4
_uo_=O0

Project1.exe: 00005738: 09:57:06 [127.0.0.1]:Ajax=1
IsEvent=1
Obj=O0
Evt=deactivate
this=O0
_S_ID=Mfxv3Fb7Fn10F4F96AF
_seq_=5
_a_=1
_uo_=O0

Project1.exe: 00005FC4: 09:57:09 [127.0.0.1]:Ajax=1
IsEvent=1
Obj=O31
Evt=move
this=O31
x=618
y=247
_S_ID=Mfxv3Fb7Fn10F4F96AF
_seq_=6
_a_=1
_uo_=O31

Project1.exe: 000009B4: 09:57:09 [127.0.0.1]:Ajax=1
IsEvent=1
Obj=O31
Evt=resize
this=O31
w=896
h=527
_S_ID=Mfxv3Fb7Fn10F4F96AF
_seq_=7
_a_=1
_uo_=O31

Project1.exe: 00002E44: 09:57:09 [127.0.0.1]:Ajax=1
IsEvent=1
Obj=O31
Evt=resize
this=O31
w=2133
h=1021
_S_ID=Mfxv3Fb7Fn10F4F96AF
_seq_=8
_a_=1
_uo_=O31

Project1.exe: 00002204: 09:57:09 [127.0.0.1]:Ajax=1
IsEvent=1
Obj=O31
Evt=move
this=O31
x=0
y=0
_S_ID=Mfxv3Fb7Fn10F4F96AF
_seq_=9
_a_=1
_uo_=O31

Project1.exe: 00000CB0: 09:57:12 [127.0.0.1]:Ajax=1
IsEvent=1
Obj=O31
Evt=maximize
this=O31
_S_ID=Mfxv3Fb7Fn10F4F96AF
_seq_=a
_a_=1
_uo_=O31

Project1.exe: 000049A4: 09:57:12 [127.0.0.1]:Ajax=1
IsEvent=1
Obj=O31
Evt=activate
this=O31
_S_ID=Mfxv3Fb7Fn10F4F96AF
_seq_=b
_a_=1
_uo_=O31

Project1.exe: 00003C24: 09:57:12 [127.0.0.1]:Ajax=1
IsEvent=1
Obj=O66
Evt=click
this=O66
_S_ID=Mfxv3Fb7Fn10F4F96AF
_seq_=c
_uo_=O31

Project1.exe: 00005898: 09:57:13 [127.0.0.1]:Ajax=1
IsEvent=1
Obj=O44
Evt=resize
w%3D2134
h%3D1021
_S_ID=Mfxv3Fb7Fn10F4F96AF
_seq_=d
_a_=1
_uo_=O31

Project1.exe: 00002F78: 09:57:17 [127.0.0.1]:Ajax=1
IsEvent=1
Obj=O6B
Evt=move
this=O6B
x=648
y=266
_S_ID=Mfxv3Fb7Fn10F4F96AF
_seq_=e
_a_=1
_uo_=O6B

Project1.exe: 00005B2C: 09:57:18 [127.0.0.1]:IsEvent=1
Obj=O82
Evt=data
_dc=1723604234158
start=0
limit=25
options=1
page=1

Project1.exe: 000027A8: 09:57:18 [127.0.0.1]:Ajax=1
IsEvent=1
Obj=O6B
Evt=resize
this=O6B
w=837
h=488
_S_ID=Mfxv3Fb7Fn10F4F96AF
_seq_=f
_a_=1
_uo_=O6B

Project1.exe: 00002808: 09:57:19 [127.0.0.1]:Ajax=1
IsEvent=1
Obj=O31
Evt=deactivate
this=O31
_S_ID=Mfxv3Fb7Fn10F4F96AF
_seq_=10
_a_=1
_uo_=O31

Project1.exe: 00000610: 09:57:19 [127.0.0.1]:Ajax=1
IsEvent=1
Obj=O6B
Evt=activate
this=O6B
_S_ID=Mfxv3Fb7Fn10F4F96AF
_seq_=11
_a_=1
_uo_=O6B

Project1.exe: 000059A4: 09:57:21 [127.0.0.1]:Ajax=1
IsEvent=1
Obj=O82
Evt=load
this=O82
_S_ID=Mfxv3Fb7Fn10F4F96AF
_fp_=%26O8B%3D%25020%2502%2502qw%26O8F%3D%25020%2502%2502re%26O93%3D%25020%2502%2502ds
_seq_=12
_a_=1
_uo_=O6B

Project1.exe: 00003720: 09:57:22 [127.0.0.1]:Ajax=1
IsEvent=1
Obj=O97
Evt=edited
This=O97
_S_ID=Mfxv3Fb7Fn10F4F96AF
_fp_=%26O8B%3D%25021%2502%2502qw%26O8F%3D%25021%2502%2502re%26O93%3D%25021%2502%2502ds
_seq_=13
_uo_=O6B

Project1.exe: 00003D94: 09:57:22 [127.0.0.1]:Ajax=1
IsEvent=1
Obj=O97
Evt=select

_S_ID=Mfxv3Fb7Fn10F4F96AF
_fp_=%26O8B%3D%25022%2502%2502qw%26O8F%3D%25022%2502%2502re%26O93%3D%25022%2502%2502ds%26O97%3D%25020%2502%2502admin
_seq_=14
_uo_=O6B

Project1.exe: 000042CC: 09:57:24 [127.0.0.1]:Ajax=1
IsEvent=1
Obj=O97
Evt=blurchange
_S_ID=Mfxv3Fb7Fn10F4F96AF
_seq_=15
_uo_=O6B

Project1.exe: 00000204: 09:57:25 [127.0.0.1]:Ajax=1
IsEvent=1
Obj=O87
Evt=click
this=O87
_S_ID=Mfxv3Fb7Fn10F4F96AF
_seq_=16
_uo_=O6B

Project1.exe: 00000F8C: 10:01:54 []:>--------------------------------------------------------------<
Project1.exe: 00000F8C: 10:01:54 [TUniServerModule]:Server First Init.
Project1.exe: 00000F8C: 10:01:54 [TUniServerModule]:Start Path = D:\aplikasi\selfdev\delphi\
Project1.exe: 00000F8C: 10:01:54 [TUniServerModule]:Debug Mode = ON
Project1.exe: 00000F8C: 10:01:54 [TUniGUISessionManager]:Cache erase job created, Folder count: [1]
Project1.exe: 00000F8C: 10:01:55 [TUniServerModule]:Starting HTTP Server on Port: 8077...
Project1.exe: 00000F8C: 10:01:55 [TUniServerModule]:HTTP Server Started on Port: 8077
Project1.exe: 000007C4: 10:02:16 [127.0.0.1]:EUniSessionException : Invalid session or session Timeout. (Session not found: Mfxv3Fb7Fn10F4F96AF ) : Addr: $005D6B01
Project1.exe: 00003F08: 10:02:16 [127.0.0.1]:
Project1.exe: 00004C54: 10:02:18 [127.0.0.1]:Ajax=1
IsEvent=1
Obj=O0
Evt=cinfo
ci=br%3D33%3Bos%3D4%3Bbv%3D127%3Bww%3D2133%3Bwh%3D1021
_S_ID=MukmkEYlbR10F4F9820
_seq_=0
_uo_=O0

Project1.exe: 0000393C: 10:02:19 [127.0.0.1]:Ajax=1
IsEvent=1
Obj=O0
Evt=move
this=O0
x=808
y=378
_S_ID=MukmkEYlbR10F4F9820
_seq_=1
_uo_=O0

Project1.exe: 000017F8: 10:02:20 [127.0.0.1]:Ajax=1
IsEvent=1
Obj=O0
Evt=activate
this=O0
_S_ID=MukmkEYlbR10F4F9820
_seq_=2
_uo_=O0

Project1.exe: 000009B8: 10:02:20 [127.0.0.1]:Ajax=1
IsEvent=1
Obj=O0
Evt=resize
this=O0
w=517
h=265
_S_ID=MukmkEYlbR10F4F9820
_seq_=3
_uo_=O0

Project1.exe: 00005EF8: 10:02:23 [127.0.0.1]:Ajax=1
IsEvent=1
Obj=O23
Evt=click
this=O23
_S_ID=MukmkEYlbR10F4F9820
_fp_=%26O13%3D%25020%2502%2502admin%26O17%3D%25020%2502%2502mypassword
_seq_=4
_uo_=O0

Project1.exe: 000023D0: 10:02:23 [127.0.0.1]:Ajax=1
IsEvent=1
Obj=O0
Evt=deactivate
this=O0
_S_ID=MukmkEYlbR10F4F9820
_seq_=5
_a_=1
_uo_=O0

Project1.exe: 000034C0: 10:02:27 [127.0.0.1]:Ajax=1
IsEvent=1
Obj=O31
Evt=move
this=O31
x=618
y=247
_S_ID=MukmkEYlbR10F4F9820
_seq_=6
_a_=1
_uo_=O31

Project1.exe: 00000B3C: 10:02:27 [127.0.0.1]:Ajax=1
IsEvent=1
Obj=O31
Evt=resize
this=O31
w=896
h=527
_S_ID=MukmkEYlbR10F4F9820
_seq_=7
_a_=1
_uo_=O31

Project1.exe: 000033C4: 10:02:28 [127.0.0.1]:Ajax=1
IsEvent=1
Obj=O31
Evt=resize
this=O31
w=2133
h=1021
_S_ID=MukmkEYlbR10F4F9820
_seq_=8
_a_=1
_uo_=O31

Project1.exe: 00004E20: 10:02:28 [127.0.0.1]:Ajax=1
IsEvent=1
Obj=O31
Evt=move
this=O31
x=0
y=0
_S_ID=MukmkEYlbR10F4F9820
_seq_=9
_a_=1
_uo_=O31

Project1.exe: 0000310C: 10:02:28 [127.0.0.1]:Ajax=1
IsEvent=1
Obj=O31
Evt=maximize
this=O31
_S_ID=MukmkEYlbR10F4F9820
_seq_=a
_a_=1
_uo_=O31

Project1.exe: 000048D4: 10:02:28 [127.0.0.1]:Ajax=1
IsEvent=1
Obj=O31
Evt=activate
this=O31
_S_ID=MukmkEYlbR10F4F9820
_seq_=b
_a_=1
_uo_=O31

Project1.exe: 00004140: 10:02:31 [127.0.0.1]:Ajax=1
IsEvent=1
Obj=O66
Evt=click
this=O66
_S_ID=MukmkEYlbR10F4F9820
_seq_=c
_uo_=O31

Project1.exe: 00004318: 10:02:31 [127.0.0.1]:Ajax=1
IsEvent=1
Obj=O44
Evt=resize
w%3D2134
h%3D1021
_S_ID=MukmkEYlbR10F4F9820
_seq_=d
_a_=1
_uo_=O31

Project1.exe: 00000204: 10:02:32 [127.0.0.1]:Ajax=1
IsEvent=1
Obj=O6B
Evt=move
this=O6B
x=648
y=266
_S_ID=MukmkEYlbR10F4F9820
_seq_=e
_a_=1
_uo_=O6B

Project1.exe: 0000091C: 10:02:35 [127.0.0.1]:IsEvent=1
Obj=O82
Evt=data
_dc=1723604552206
start=0
limit=25
options=1
page=1

Project1.exe: 00004040: 10:02:35 [127.0.0.1]:Ajax=1
IsEvent=1
Obj=O6B
Evt=resize
this=O6B
w=837
h=488
_S_ID=MukmkEYlbR10F4F9820
_seq_=f
_a_=1
_uo_=O6B

Project1.exe: 00005484: 10:02:35 [127.0.0.1]:Ajax=1
IsEvent=1
Obj=O31
Evt=deactivate
this=O31
_S_ID=MukmkEYlbR10F4F9820
_seq_=10
_a_=1
_uo_=O31

Project1.exe: 00004CE8: 10:02:36 [127.0.0.1]:Ajax=1
IsEvent=1
Obj=O6B
Evt=activate
this=O6B
_S_ID=MukmkEYlbR10F4F9820
_seq_=11
_a_=1
_uo_=O6B

Project1.exe: 000022AC: 10:02:37 [127.0.0.1]:Ajax=1
IsEvent=1
Obj=O82
Evt=load
this=O82
_S_ID=MukmkEYlbR10F4F9820
_fp_=%26O8B%3D%25020%2502%2502uiu%26O8F%3D%25020%2502%2502juj
_seq_=12
_a_=1
_uo_=O6B

Project1.exe: 00002600: 10:02:37 [127.0.0.1]:Ajax=1
IsEvent=1
Obj=O97
Evt=edited
This=O97
_S_ID=MukmkEYlbR10F4F9820
_fp_=%26O8B%3D%25021%2502%2502uiu%26O8F%3D%25021%2502%2502juj%26O93%3D%25020%2502%2502uj
_seq_=13
_uo_=O6B

Project1.exe: 00004DE0: 10:02:38 [127.0.0.1]:Ajax=1
IsEvent=1
Obj=O97
Evt=select

_S_ID=MukmkEYlbR10F4F9820
_fp_=%26O8B%3D%25022%2502%2502uiu%26O8F%3D%25022%2502%2502juj%26O93%3D%25021%2502%2502uj%26O97%3D%25020%2502%2502manager
_seq_=14
_uo_=O6B

Project1.exe: 00004C5C: 10:02:39 [127.0.0.1]:Ajax=1
IsEvent=1
Obj=O97
Evt=blurchange
_S_ID=MukmkEYlbR10F4F9820
_fp_=%26O8B%3D%25023%2502%2502uiu%26O8F%3D%25023%2502%2502juj%26O93%3D%25022%2502%2502uj%26O97%3D%25021%2502%2502manager
_seq_=15
_uo_=O6B

Project1.exe: 00004CDC: 10:02:41 [127.0.0.1]:Ajax=1
IsEvent=1
Obj=O87
Evt=click
this=O87
_S_ID=MukmkEYlbR10F4F9820
_seq_=16
_uo_=O6B

Project1.exe: 00005B10: 10:05:51 []:>--------------------------------------------------------------<
Project1.exe: 00005B10: 10:05:51 [TUniServerModule]:Server First Init.
Project1.exe: 00005B10: 10:05:51 [TUniServerModule]:Start Path = D:\aplikasi\selfdev\delphi\
Project1.exe: 00005B10: 10:05:51 [TUniServerModule]:Debug Mode = ON
Project1.exe: 00005B10: 10:05:51 [TUniGUISessionManager]:Cache erase job created, Folder count: [1]
Project1.exe: 00005B10: 10:05:52 [TUniServerModule]:Starting HTTP Server on Port: 8077...
Project1.exe: 00005B10: 10:05:52 [TUniServerModule]:HTTP Server Started on Port: 8077
Project1.exe: 000048CC: 10:06:12 [127.0.0.1]:
Project1.exe: 00005A2C: 10:06:12 [127.0.0.1]:Ajax=1
IsEvent=1
Obj=O0
Evt=cinfo
ci=br%3D33%3Bos%3D4%3Bbv%3D127%3Bww%3D2133%3Bwh%3D1021
_S_ID=rHUNu4h6Mk10F4F9932
_seq_=0
_uo_=O0

Project1.exe: 000023B0: 10:06:14 [127.0.0.1]:Ajax=1
IsEvent=1
Obj=O0
Evt=move
this=O0
x=808
y=378
_S_ID=rHUNu4h6Mk10F4F9932
_seq_=1
_uo_=O0

Project1.exe: 000011AC: 10:06:14 [127.0.0.1]:Ajax=1
IsEvent=1
Obj=O0
Evt=activate
this=O0
_S_ID=rHUNu4h6Mk10F4F9932
_seq_=2
_uo_=O0

Project1.exe: 00001498: 10:06:14 [127.0.0.1]:Ajax=1
IsEvent=1
Obj=O0
Evt=resize
this=O0
w=517
h=265
_S_ID=rHUNu4h6Mk10F4F9932
_seq_=3
_uo_=O0

Project1.exe: 000003D8: 10:06:20 [127.0.0.1]:Ajax=1
IsEvent=1
Obj=O23
Evt=click
this=O23
_S_ID=rHUNu4h6Mk10F4F9932
_fp_=%26O13%3D%25020%2502%2502admin%26O17%3D%25020%2502%2502mypassword
_seq_=4
_uo_=O0

Project1.exe: 00005DB0: 10:06:20 [127.0.0.1]:Ajax=1
IsEvent=1
Obj=O0
Evt=deactivate
this=O0
_S_ID=rHUNu4h6Mk10F4F9932
_seq_=5
_a_=1
_uo_=O0

Project1.exe: 00005C38: 10:06:23 [127.0.0.1]:Ajax=1
IsEvent=1
Obj=O31
Evt=move
this=O31
x=618
y=247
_S_ID=rHUNu4h6Mk10F4F9932
_seq_=6
_a_=1
_uo_=O31

Project1.exe: 00003ABC: 10:06:24 [127.0.0.1]:Ajax=1
IsEvent=1
Obj=O31
Evt=resize
this=O31
w=896
h=527
_S_ID=rHUNu4h6Mk10F4F9932
_seq_=7
_a_=1
_uo_=O31

Project1.exe: 00003858: 10:06:24 [127.0.0.1]:Ajax=1
IsEvent=1
Obj=O31
Evt=resize
this=O31
w=2133
h=1021
_S_ID=rHUNu4h6Mk10F4F9932
_seq_=8
_a_=1
_uo_=O31

Project1.exe: 00004024: 10:06:25 [127.0.0.1]:Ajax=1
IsEvent=1
Obj=O31
Evt=move
this=O31
x=0
y=0
_S_ID=rHUNu4h6Mk10F4F9932
_seq_=9
_a_=1
_uo_=O31

Project1.exe: 000051A8: 10:06:26 [127.0.0.1]:Ajax=1
IsEvent=1
Obj=O31
Evt=maximize
this=O31
_S_ID=rHUNu4h6Mk10F4F9932
_seq_=a
_a_=1
_uo_=O31

Project1.exe: 0000402C: 10:06:27 [127.0.0.1]:Ajax=1
IsEvent=1
Obj=O31
Evt=activate
this=O31
_S_ID=rHUNu4h6Mk10F4F9932
_seq_=b
_a_=1
_uo_=O31

Project1.exe: 000045E0: 10:06:27 [127.0.0.1]:Ajax=1
IsEvent=1
Obj=O66
Evt=click
this=O66
_S_ID=rHUNu4h6Mk10F4F9932
_seq_=c
_uo_=O31

Project1.exe: 000026CC: 10:06:28 [127.0.0.1]:Ajax=1
IsEvent=1
Obj=O44
Evt=resize
w%3D2134
h%3D1021
_S_ID=rHUNu4h6Mk10F4F9932
_seq_=d
_a_=1
_uo_=O31

Project1.exe: 000046D4: 10:06:31 [127.0.0.1]:Ajax=1
IsEvent=1
Obj=O6B
Evt=move
this=O6B
x=648
y=266
_S_ID=rHUNu4h6Mk10F4F9932
_seq_=e
_a_=1
_uo_=O6B

Project1.exe: 00005614: 10:06:33 [127.0.0.1]:Ajax=1
IsEvent=1
Obj=O6B
Evt=resize
this=O6B
w=837
h=488
_S_ID=rHUNu4h6Mk10F4F9932
_seq_=f
_a_=1
_uo_=O6B

Project1.exe: 00002FD4: 10:06:33 [127.0.0.1]:Ajax=1
IsEvent=1
Obj=O31
Evt=deactivate
this=O31
_S_ID=rHUNu4h6Mk10F4F9932
_seq_=10
_a_=1
_uo_=O31

Project1.exe: 00000D04: 10:06:33 [127.0.0.1]:IsEvent=1
Obj=O82
Evt=data
_dc=1723604788760
start=0
limit=25
options=1
page=1

Project1.exe: 000019FC: 10:06:33 [127.0.0.1]:Ajax=1
IsEvent=1
Obj=O6B
Evt=activate
this=O6B
_S_ID=rHUNu4h6Mk10F4F9932
_seq_=11
_a_=1
_uo_=O6B

Project1.exe: 00005810: 10:06:34 [127.0.0.1]:Ajax=1
IsEvent=1
Obj=O82
Evt=load
this=O82
_S_ID=rHUNu4h6Mk10F4F9932
_fp_=%26O8B%3D%25020%2502%2502ki%26O8F%3D%25020%2502%2502ki%26O93%3D%25020%2502%2502k
_seq_=12
_a_=1
_uo_=O6B

Project1.exe: 000019D4: 10:06:35 [127.0.0.1]:Ajax=1
IsEvent=1
Obj=O97
Evt=edited
This=O97
_S_ID=rHUNu4h6Mk10F4F9932
_fp_=%26O8B%3D%25021%2502%2502ki%26O8F%3D%25021%2502%2502ki%26O93%3D%25021%2502%2502k
_seq_=13
_uo_=O6B

Project1.exe: 00003D04: 10:06:35 [127.0.0.1]:Ajax=1
IsEvent=1
Obj=O97
Evt=select

_S_ID=rHUNu4h6Mk10F4F9932
_fp_=%26O8B%3D%25022%2502%2502ki%26O8F%3D%25022%2502%2502ki%26O93%3D%25022%2502%2502k%26O97%3D%25020%2502%2502manager
_seq_=14
_uo_=O6B

Project1.exe: 0000462C: 10:06:38 [127.0.0.1]:Ajax=1
IsEvent=1
Obj=O97
Evt=blurchange
_S_ID=rHUNu4h6Mk10F4F9932
_seq_=15
_uo_=O6B

Project1.exe: 00001460: 10:06:38 [127.0.0.1]:Ajax=1
IsEvent=1
Obj=O87
Evt=click
this=O87
_S_ID=rHUNu4h6Mk10F4F9932
_seq_=16
_uo_=O6B

Project1.exe: 00001008: 10:10:17 []:>--------------------------------------------------------------<
Project1.exe: 00001008: 10:10:17 [TUniServerModule]:Server First Init.
Project1.exe: 00001008: 10:10:17 [TUniServerModule]:Start Path = D:\aplikasi\selfdev\delphi\
Project1.exe: 00001008: 10:10:17 [TUniServerModule]:Debug Mode = ON
Project1.exe: 00001008: 10:10:17 [TUniGUISessionManager]:Cache erase job created, Folder count: [1]
Project1.exe: 00001008: 10:10:18 [TUniServerModule]:Starting HTTP Server on Port: 8077...
Project1.exe: 00001008: 10:10:18 [TUniServerModule]:HTTP Server Started on Port: 8077
Project1.exe: 00002CC8: 10:10:22 [127.0.0.1]:EUniSessionException : Invalid session or session Timeout. (Session not found: rHUNu4h6Mk10F4F9932 ) : Addr: $005D6B01
Project1.exe: 00002204: 10:12:04 [127.0.0.1]:
Project1.exe: 00004EF8: 10:12:05 [127.0.0.1]:Ajax=1
IsEvent=1
Obj=O0
Evt=cinfo
ci=br%3D33%3Bos%3D4%3Bbv%3D127%3Bww%3D2133%3Bwh%3D1021
_S_ID=Gjiezp3F8V10F4F9AC9
_seq_=0
_uo_=O0

Project1.exe: 0000244C: 10:12:07 [127.0.0.1]:Ajax=1
IsEvent=1
Obj=O0
Evt=move
this=O0
x=808
y=378
_S_ID=Gjiezp3F8V10F4F9AC9
_seq_=1
_uo_=O0

Project1.exe: 00004C28: 10:12:07 [127.0.0.1]:Ajax=1
IsEvent=1
Obj=O0
Evt=activate
this=O0
_S_ID=Gjiezp3F8V10F4F9AC9
_seq_=2
_uo_=O0

Project1.exe: 000003A4: 10:12:07 [127.0.0.1]:Ajax=1
IsEvent=1
Obj=O0
Evt=resize
this=O0
w=517
h=265
_S_ID=Gjiezp3F8V10F4F9AC9
_seq_=3
_uo_=O0

Project1.exe: 00005A4C: 10:12:11 [127.0.0.1]:Ajax=1
IsEvent=1
Obj=O23
Evt=click
this=O23
_S_ID=Gjiezp3F8V10F4F9AC9
_fp_=%26O13%3D%25020%2502%2502admin%26O17%3D%25020%2502%2502mypassword
_seq_=4
_uo_=O0

Project1.exe: 00005E30: 10:12:12 [127.0.0.1]:Ajax=1
IsEvent=1
Obj=O0
Evt=deactivate
this=O0
_S_ID=Gjiezp3F8V10F4F9AC9
_seq_=5
_a_=1
_uo_=O0

Project1.exe: 00001340: 10:12:14 [127.0.0.1]:Ajax=1
IsEvent=1
Obj=O31
Evt=move
this=O31
x=618
y=247
_S_ID=Gjiezp3F8V10F4F9AC9
_seq_=6
_a_=1
_uo_=O31

Project1.exe: 0000480C: 10:12:14 [127.0.0.1]:Ajax=1
IsEvent=1
Obj=O31
Evt=resize
this=O31
w=896
h=527
_S_ID=Gjiezp3F8V10F4F9AC9
_seq_=7
_a_=1
_uo_=O31

Project1.exe: 0000387C: 10:12:14 [127.0.0.1]:Ajax=1
IsEvent=1
Obj=O31
Evt=resize
this=O31
w=2133
h=1021
_S_ID=Gjiezp3F8V10F4F9AC9
_seq_=8
_a_=1
_uo_=O31

Project1.exe: 00005C1C: 10:12:14 [127.0.0.1]:Ajax=1
IsEvent=1
Obj=O31
Evt=move
this=O31
x=0
y=0
_S_ID=Gjiezp3F8V10F4F9AC9
_seq_=9
_a_=1
_uo_=O31

Project1.exe: 00001474: 10:12:16 [127.0.0.1]:Ajax=1
IsEvent=1
Obj=O31
Evt=maximize
this=O31
_S_ID=Gjiezp3F8V10F4F9AC9
_seq_=a
_a_=1
_uo_=O31

Project1.exe: 00002C20: 10:12:30 [127.0.0.1]:Ajax=1
IsEvent=1
Obj=O31
Evt=activate
this=O31
_S_ID=Gjiezp3F8V10F4F9AC9
_seq_=b
_a_=1
_uo_=O31

Project1.exe: 00000CB0: 10:12:31 [127.0.0.1]:Ajax=1
IsEvent=1
Obj=O44
Evt=resize
w%3D2134
h%3D1021
_S_ID=Gjiezp3F8V10F4F9AC9
_seq_=c
_a_=1
_uo_=O31

Project1.exe: 00003AA0: 10:12:49 [127.0.0.1]:Ajax=1
IsEvent=1
Obj=O66
Evt=click
this=O66
_S_ID=Gjiezp3F8V10F4F9AC9
_seq_=d
_uo_=O31

Project1.exe: 00004AF0: 10:12:49 [127.0.0.1]:Ajax=1
IsEvent=1
Obj=O6B
Evt=move
this=O6B
x=648
y=266
_S_ID=Gjiezp3F8V10F4F9AC9
_seq_=e
_a_=1
_uo_=O6B

Project1.exe: 000057A0: 10:12:52 [127.0.0.1]:IsEvent=1
Obj=O82
Evt=data
_dc=1723605169616
start=0
limit=25
options=1
page=1

Project1.exe: 000051F4: 10:12:52 [127.0.0.1]:Ajax=1
IsEvent=1
Obj=O6B
Evt=resize
this=O6B
w=837
h=488
_S_ID=Gjiezp3F8V10F4F9AC9
_seq_=f
_a_=1
_uo_=O6B

Project1.exe: 00004028: 10:12:52 [127.0.0.1]:Ajax=1
IsEvent=1
Obj=O31
Evt=deactivate
this=O31
_S_ID=Gjiezp3F8V10F4F9AC9
_seq_=10
_a_=1
_uo_=O31

Project1.exe: 00000290: 10:12:52 [127.0.0.1]:Ajax=1
IsEvent=1
Obj=O6B
Evt=activate
this=O6B
_S_ID=Gjiezp3F8V10F4F9AC9
_seq_=11
_a_=1
_uo_=O6B

Project1.exe: 00000EB8: 10:12:53 [127.0.0.1]:Ajax=1
IsEvent=1
Obj=O82
Evt=load
this=O82
_S_ID=Gjiezp3F8V10F4F9AC9
_seq_=12
_a_=1
_uo_=O6B

Project1.exe: 0000285C: 10:12:59 [127.0.0.1]:Ajax=1
IsEvent=1
Obj=O97
Evt=edited
This=O97
_S_ID=Gjiezp3F8V10F4F9AC9
_fp_=%26O8B%3D%25020%2502%2502koais%26O8F%3D%25020%2502%2502ohhik%26O93%3D%25020%2502%2502123
_seq_=13
_uo_=O6B

Project1.exe: 00003674: 10:12:59 [127.0.0.1]:Ajax=1
IsEvent=1
Obj=O97
Evt=select

_S_ID=Gjiezp3F8V10F4F9AC9
_fp_=%26O8B%3D%25021%2502%2502koais%26O8F%3D%25021%2502%2502ohhik%26O93%3D%25021%2502%2502123%26O97%3D%25020%2502%2502manager
_seq_=14
_uo_=O6B

Project1.exe: 00001F18: 10:12:59 [127.0.0.1]:Ajax=1
IsEvent=1
Obj=O97
Evt=blurchange
_S_ID=Gjiezp3F8V10F4F9AC9
_fp_=%26O8B%3D%25022%2502%2502koais%26O8F%3D%25022%2502%2502ohhik%26O93%3D%25022%2502%2502123%26O97%3D%25021%2502%2502manager
_seq_=15
_uo_=O6B

Project1.exe: 000031E4: 10:13:00 [127.0.0.1]:Ajax=1
IsEvent=1
Obj=O87
Evt=click
this=O87
_S_ID=Gjiezp3F8V10F4F9AC9
_fp_=%26O8B%3D%25023%2502%2502koais%26O8F%3D%25023%2502%2502ohhik%26O93%3D%25023%2502%2502123%26O97%3D%25022%2502%2502manager
_seq_=16
_uo_=O6B

Project1.exe: 000031E4: 10:13:21 [127.0.0.1]:EDatabaseError : ZQuery1: Type mismatch for field 'id', expecting: Integer actual: LargeInt : Addr: $0052D1E2
Project1.exe: 00002BE8: 10:13:42 [127.0.0.1]:IsEvent=1
Obj=O82
Evt=data
_dc=1723605220882
start=0
limit=25
options=0
page=1

Project1.exe: 00003CEC: 10:13:42 [127.0.0.1]:Ajax=1
IsEvent=1
Obj=O82
Evt=load
this=O82
_S_ID=Gjiezp3F8V10F4F9AC9
_seq_=17
_a_=1
_uo_=O6B

Project1.exe: 00000E94: 10:26:00 []:>--------------------------------------------------------------<
Project1.exe: 00000E94: 10:26:00 [TUniServerModule]:Server First Init.
Project1.exe: 00000E94: 10:26:00 [TUniServerModule]:Start Path = D:\aplikasi\selfdev\delphi\
Project1.exe: 00000E94: 10:26:00 [TUniServerModule]:Debug Mode = ON
Project1.exe: 00000E94: 10:26:01 [TUniServerModule]:Starting HTTP Server on Port: 8077...
Project1.exe: 00000E94: 10:26:01 [TUniServerModule]:HTTP Server Started on Port: 8077
Project1.exe: 00004E20: 10:26:25 [127.0.0.1]:EUniSessionException : Invalid session or session Timeout. (Session not found: Gjiezp3F8V10F4F9AC9 ) : Addr: $007EC6F5
Project1.exe: 00005E18: 10:26:25 [127.0.0.1]:
Project1.exe: 00001430: 10:26:26 [127.0.0.1]:Ajax=1
IsEvent=1
Obj=O0
Evt=cinfo
ci=br%3D33%3Bos%3D4%3Bbv%3D127%3Bww%3D2133%3Bwh%3D1021
_S_ID=393I31XWRZ10F4F9EAE
_seq_=0
_uo_=O0

Project1.exe: 00005FE8: 10:26:28 [127.0.0.1]:Ajax=1
IsEvent=1
Obj=O0
Evt=move
this=O0
x=808
y=378
_S_ID=393I31XWRZ10F4F9EAE
_seq_=1
_uo_=O0

Project1.exe: 00001098: 10:26:29 [127.0.0.1]:Ajax=1
IsEvent=1
Obj=O0
Evt=activate
this=O0
_S_ID=393I31XWRZ10F4F9EAE
_seq_=2
_uo_=O0

Project1.exe: 00004B84: 10:26:29 [127.0.0.1]:Ajax=1
IsEvent=1
Obj=O0
Evt=resize
this=O0
w=517
h=265
_S_ID=393I31XWRZ10F4F9EAE
_seq_=3
_uo_=O0

Project1.exe: 000054EC: 10:26:31 [127.0.0.1]:Ajax=1
IsEvent=1
Obj=O23
Evt=click
this=O23
_S_ID=393I31XWRZ10F4F9EAE
_fp_=%26O13%3D%25020%2502%2502admin%26O17%3D%25020%2502%2502mypassword
_seq_=4
_uo_=O0

Project1.exe: 00001FFC: 10:26:35 [127.0.0.1]:Ajax=1
IsEvent=1
Obj=O0
Evt=deactivate
this=O0
_S_ID=393I31XWRZ10F4F9EAE
_seq_=5
_a_=1
_uo_=O0

Project1.exe: 000053F0: 10:26:35 [127.0.0.1]:Ajax=1
IsEvent=1
Obj=O31
Evt=move
this=O31
x=618
y=247
_S_ID=393I31XWRZ10F4F9EAE
_seq_=6
_a_=1
_uo_=O31

Project1.exe: 00004D9C: 10:26:35 [127.0.0.1]:Ajax=1
IsEvent=1
Obj=O31
Evt=resize
this=O31
w=896
h=527
_S_ID=393I31XWRZ10F4F9EAE
_seq_=7
_a_=1
_uo_=O31

Project1.exe: 00005FEC: 10:26:37 [127.0.0.1]:Ajax=1
IsEvent=1
Obj=O31
Evt=resize
this=O31
w=2133
h=1021
_S_ID=393I31XWRZ10F4F9EAE
_seq_=8
_a_=1
_uo_=O31

Project1.exe: 00005088: 10:26:39 [127.0.0.1]:Ajax=1
IsEvent=1
Obj=O31
Evt=move
this=O31
x=0
y=0
_S_ID=393I31XWRZ10F4F9EAE
_seq_=9
_a_=1
_uo_=O31

Project1.exe: 00002C9C: 10:26:39 [127.0.0.1]:Ajax=1
IsEvent=1
Obj=O31
Evt=maximize
this=O31
_S_ID=393I31XWRZ10F4F9EAE
_seq_=a
_a_=1
_uo_=O31

Project1.exe: 00004490: 10:26:40 [127.0.0.1]:Ajax=1
IsEvent=1
Obj=O31
Evt=activate
this=O31
_S_ID=393I31XWRZ10F4F9EAE
_seq_=b
_a_=1
_uo_=O31

Project1.exe: 000059A4: 10:26:40 [127.0.0.1]:Ajax=1
IsEvent=1
Obj=O66
Evt=click
this=O66
_S_ID=393I31XWRZ10F4F9EAE
_seq_=c
_uo_=O31

Project1.exe: 00001B9C: 10:26:41 [127.0.0.1]:Ajax=1
IsEvent=1
Obj=O44
Evt=resize
w%3D2134
h%3D1021
_S_ID=393I31XWRZ10F4F9EAE
_seq_=d
_a_=1
_uo_=O31

Project1.exe: 00004F64: 10:26:45 [127.0.0.1]:Ajax=1
IsEvent=1
Obj=O6B
Evt=move
this=O6B
x=648
y=266
_S_ID=393I31XWRZ10F4F9EAE
_seq_=e
_a_=1
_uo_=O6B

Project1.exe: 00001C78: 10:26:46 [127.0.0.1]:Ajax=1
IsEvent=1
Obj=O6B
Evt=resize
this=O6B
w=837
h=488
_S_ID=393I31XWRZ10F4F9EAE
_seq_=f
_a_=1
_uo_=O6B

Project1.exe: 00005A20: 10:26:46 [127.0.0.1]:IsEvent=1
Obj=O82
Evt=data
_dc=1723606001891
start=0
limit=25
options=1
page=1

Project1.exe: 00004E9C: 10:26:46 [127.0.0.1]:Ajax=1
IsEvent=1
Obj=O31
Evt=deactivate
this=O31
_S_ID=393I31XWRZ10F4F9EAE
_seq_=10
_a_=1
_uo_=O31

Project1.exe: 00004024: 10:26:48 [127.0.0.1]:Ajax=1
IsEvent=1
Obj=O6B
Evt=activate
this=O6B
_S_ID=393I31XWRZ10F4F9EAE
_seq_=11
_a_=1
_uo_=O6B

Project1.exe: 00005198: 10:26:48 [127.0.0.1]:Ajax=1
IsEvent=1
Obj=O82
Evt=load
this=O82
_S_ID=393I31XWRZ10F4F9EAE
_fp_=%26O8B%3D%25020%2502%2502ki%26O8F%3D%25020%2502%2502yj%26O93%3D%25020%2502%2502ik
_seq_=12
_a_=1
_uo_=O6B

Project1.exe: 000053A0: 10:26:49 [127.0.0.1]:Ajax=1
IsEvent=1
Obj=O97
Evt=edited
This=O97
_S_ID=393I31XWRZ10F4F9EAE
_fp_=%26O8B%3D%25021%2502%2502ki%26O8F%3D%25021%2502%2502yj%26O93%3D%25021%2502%2502ik
_seq_=13
_uo_=O6B

Project1.exe: 00005D98: 10:26:51 [127.0.0.1]:Ajax=1
IsEvent=1
Obj=O97
Evt=select

_S_ID=393I31XWRZ10F4F9EAE
_fp_=%26O8B%3D%25022%2502%2502ki%26O8F%3D%25022%2502%2502yj%26O93%3D%25022%2502%2502ik%26O97%3D%25020%2502%2502staff
_seq_=14
_uo_=O6B

Project1.exe: 000057F0: 10:26:51 [127.0.0.1]:Ajax=1
IsEvent=1
Obj=O97
Evt=blurchange
_S_ID=393I31XWRZ10F4F9EAE
_fp_=%26O8B%3D%25023%2502%2502ki%26O8F%3D%25023%2502%2502yj%26O93%3D%25023%2502%2502ik%26O97%3D%25021%2502%2502staff
_seq_=15
_uo_=O6B

Project1.exe: 00001A94: 10:26:52 [127.0.0.1]:Ajax=1
IsEvent=1
Obj=O87
Evt=click
this=O87
_S_ID=393I31XWRZ10F4F9EAE
_fp_=%26O8B%3D%25024%2502%2502ki%26O8F%3D%25024%2502%2502yj%26O93%3D%25024%2502%2502ik%26O97%3D%25022%2502%2502staff
_seq_=16
_uo_=O6B

Project1.exe: 0000437C: 10:28:51 []:>--------------------------------------------------------------<
Project1.exe: 0000437C: 10:28:51 [TUniServerModule]:Server First Init.
Project1.exe: 0000437C: 10:28:51 [TUniServerModule]:Start Path = D:\aplikasi\selfdev\delphi\
Project1.exe: 0000437C: 10:28:51 [TUniServerModule]:Debug Mode = ON
Project1.exe: 0000437C: 10:28:51 [TUniGUISessionManager]:Cache erase job created, Folder count: [1]
Project1.exe: 0000437C: 10:28:52 [TUniServerModule]:Starting HTTP Server on Port: 8077...
Project1.exe: 0000437C: 10:28:52 [TUniServerModule]:HTTP Server Started on Port: 8077
Project1.exe: 00002D98: 10:29:02 [127.0.0.1]:EUniSessionException : Invalid session or session Timeout. (Session not found: 393I31XWRZ10F4F9EAE ) : Addr: $007EC6F5
Project1.exe: 0000281C: 10:29:02 [127.0.0.1]:EUniSessionException : Invalid session or session Timeout. (Session not found: 393I31XWRZ10F4F9EAE ) : Addr: $007EC6F5
Project1.exe: 000039D0: 10:29:02 [127.0.0.1]:
Project1.exe: 00002BC0: 10:29:05 [127.0.0.1]:Ajax=1
IsEvent=1
Obj=O0
Evt=cinfo
ci=br%3D33%3Bos%3D4%3Bbv%3D127%3Bww%3D2133%3Bwh%3D1021
_S_ID=pIK4xmFls710F4F9F63
_seq_=0
_uo_=O0

Project1.exe: 0000566C: 10:29:07 [127.0.0.1]:Ajax=1
IsEvent=1
Obj=O0
Evt=move
this=O0
x=808
y=378
_S_ID=pIK4xmFls710F4F9F63
_seq_=1
_uo_=O0

Project1.exe: 00000B3C: 10:29:07 [127.0.0.1]:Ajax=1
IsEvent=1
Obj=O0
Evt=activate
this=O0
_S_ID=pIK4xmFls710F4F9F63
_seq_=2
_uo_=O0

Project1.exe: 00002A94: 10:29:07 [127.0.0.1]:Ajax=1
IsEvent=1
Obj=O0
Evt=resize
this=O0
w=517
h=265
_S_ID=pIK4xmFls710F4F9F63
_seq_=3
_uo_=O0

Project1.exe: 00004E2C: 10:29:08 [127.0.0.1]:Ajax=1
IsEvent=1
Obj=O23
Evt=click
this=O23
_S_ID=pIK4xmFls710F4F9F63
_fp_=%26O13%3D%25020%2502%2502admin%26O17%3D%25020%2502%2502mypassword
_seq_=4
_uo_=O0

Project1.exe: 00002C30: 10:29:10 [127.0.0.1]:Ajax=1
IsEvent=1
Obj=O0
Evt=deactivate
this=O0
_S_ID=pIK4xmFls710F4F9F63
_seq_=5
_a_=1
_uo_=O0

Project1.exe: 000050B4: 10:29:10 [127.0.0.1]:Ajax=1
IsEvent=1
Obj=O31
Evt=move
this=O31
x=618
y=247
_S_ID=pIK4xmFls710F4F9F63
_seq_=6
_a_=1
_uo_=O31

Project1.exe: 00002408: 10:29:11 [127.0.0.1]:Ajax=1
IsEvent=1
Obj=O31
Evt=resize
this=O31
w=896
h=527
_S_ID=pIK4xmFls710F4F9F63
_seq_=7
_a_=1
_uo_=O31

Project1.exe: 00003838: 10:29:11 [127.0.0.1]:Ajax=1
IsEvent=1
Obj=O31
Evt=resize
this=O31
w=2133
h=1021
_S_ID=pIK4xmFls710F4F9F63
_seq_=8
_a_=1
_uo_=O31

Project1.exe: 00002FC8: 10:29:12 [127.0.0.1]:Ajax=1
IsEvent=1
Obj=O31
Evt=move
this=O31
x=0
y=0
_S_ID=pIK4xmFls710F4F9F63
_seq_=9
_a_=1
_uo_=O31

Project1.exe: 00000160: 10:29:13 [127.0.0.1]:Ajax=1
IsEvent=1
Obj=O31
Evt=maximize
this=O31
_S_ID=pIK4xmFls710F4F9F63
_seq_=a
_a_=1
_uo_=O31

Project1.exe: 0000185C: 10:29:13 [127.0.0.1]:Ajax=1
IsEvent=1
Obj=O31
Evt=activate
this=O31
_S_ID=pIK4xmFls710F4F9F63
_seq_=b
_a_=1
_uo_=O31

Project1.exe: 00002D04: 10:29:13 [127.0.0.1]:Ajax=1
IsEvent=1
Obj=O66
Evt=click
this=O66
_S_ID=pIK4xmFls710F4F9F63
_seq_=c
_uo_=O31

Project1.exe: 00004FE0: 10:29:14 [127.0.0.1]:Ajax=1
IsEvent=1
Obj=O44
Evt=resize
w%3D2134
h%3D1021
_S_ID=pIK4xmFls710F4F9F63
_seq_=d
_a_=1
_uo_=O31

Project1.exe: 000056C0: 10:29:17 [127.0.0.1]:Ajax=1
IsEvent=1
Obj=O6B
Evt=move
this=O6B
x=648
y=266
_S_ID=pIK4xmFls710F4F9F63
_seq_=e
_a_=1
_uo_=O6B

Project1.exe: 00001F24: 10:29:17 [127.0.0.1]:IsEvent=1
Obj=O82
Evt=data
_dc=1723606154731
start=0
limit=25
options=1
page=1

Project1.exe: 000057E4: 10:29:17 [127.0.0.1]:Ajax=1
IsEvent=1
Obj=O6B
Evt=resize
this=O6B
w=837
h=488
_S_ID=pIK4xmFls710F4F9F63
_seq_=f
_a_=1
_uo_=O6B

Project1.exe: 00005608: 10:29:17 [127.0.0.1]:Ajax=1
IsEvent=1
Obj=O31
Evt=deactivate
this=O31
_S_ID=pIK4xmFls710F4F9F63
_seq_=10
_a_=1
_uo_=O31

Project1.exe: 00002788: 10:29:18 [127.0.0.1]:Ajax=1
IsEvent=1
Obj=O6B
Evt=activate
this=O6B
_S_ID=pIK4xmFls710F4F9F63
_seq_=11
_a_=1
_uo_=O6B

Project1.exe: 00001F78: 10:29:18 [127.0.0.1]:Ajax=1
IsEvent=1
Obj=O82
Evt=load
this=O82
_S_ID=pIK4xmFls710F4F9F63
_fp_=%26O8B%3D%25020%2502%2502ik%26O8F%3D%25020%2502%2502kiu
_seq_=12
_a_=1
_uo_=O6B

Project1.exe: 000045E0: 10:29:22 [127.0.0.1]:Ajax=1
IsEvent=1
Obj=O97
Evt=edited
This=O97
_S_ID=pIK4xmFls710F4F9F63
_fp_=%26O93%3D%25020%2502%2502yj
_seq_=13
_uo_=O6B

Project1.exe: 00004794: 10:29:22 [127.0.0.1]:Ajax=1
IsEvent=1
Obj=O97
Evt=select

_S_ID=pIK4xmFls710F4F9F63
_fp_=%26O93%3D%25021%2502%2502yj%26O97%3D%25020%2502%2502admin
_seq_=14
_uo_=O6B

Project1.exe: 00001CE0: 10:29:22 [127.0.0.1]:Ajax=1
IsEvent=1
Obj=O97
Evt=blurchange
_S_ID=pIK4xmFls710F4F9F63
_fp_=%26O93%3D%25022%2502%2502yj%26O97%3D%25021%2502%2502admin
_seq_=15
_uo_=O6B

Project1.exe: 00003E60: 10:29:23 [127.0.0.1]:Ajax=1
IsEvent=1
Obj=O87
Evt=click
this=O87
_S_ID=pIK4xmFls710F4F9F63
_fp_=%26O93%3D%25023%2502%2502yj%26O97%3D%25022%2502%2502admin
_seq_=16
_uo_=O6B

Project1.exe: 00003E60: 10:29:29 [127.0.0.1]:EZSQLException : SQL Error: Field 'id' doesn't have a default value 
Code: 1364 SQL: INSERT INTO tx_user (username, password, role_id, created_at)VALUES (?, ?, ?, ?); : Addr: $006E4718
Project1.exe: 00005F50: 10:29:40 [127.0.0.1]:IsEvent=1
Obj=O82
Evt=data
_dc=1723606179466
start=0
limit=25
options=0
page=1

Project1.exe: 00002ED4: 10:29:41 [127.0.0.1]:Ajax=1
IsEvent=1
Obj=O82
Evt=load
this=O82
_S_ID=pIK4xmFls710F4F9F63
_seq_=17
_a_=1
_uo_=O6B

Project1.exe: 00005568: 10:41:07 []:>--------------------------------------------------------------<
Project1.exe: 00005568: 10:41:07 [TUniServerModule]:Server First Init.
Project1.exe: 00005568: 10:41:07 [TUniServerModule]:Start Path = D:\aplikasi\selfdev\delphi\
Project1.exe: 00005568: 10:41:07 [TUniServerModule]:Debug Mode = ON
Project1.exe: 00005568: 10:41:07 [TUniGUISessionManager]:Cache erase job created, Folder count: [1]
Project1.exe: 00005568: 10:41:08 [TUniServerModule]:Starting HTTP Server on Port: 8077...
Project1.exe: 00005568: 10:41:08 [TUniServerModule]:HTTP Server Started on Port: 8077
Project1.exe: 00004B8C: 10:41:29 [127.0.0.1]:
Project1.exe: 0000540C: 10:41:29 [127.0.0.1]:Ajax=1
IsEvent=1
Obj=O0
Evt=cinfo
ci=br%3D33%3Bos%3D4%3Bbv%3D127%3Bww%3D2133%3Bwh%3D1021
_S_ID=jJcUxO2hey10F4FA2C3
_seq_=0
_uo_=O0

Project1.exe: 000027E4: 10:41:31 [127.0.0.1]:Ajax=1
IsEvent=1
Obj=O0
Evt=move
this=O0
x=808
y=378
_S_ID=jJcUxO2hey10F4FA2C3
_seq_=1
_uo_=O0

Project1.exe: 00004DB4: 10:41:31 [127.0.0.1]:Ajax=1
IsEvent=1
Obj=O0
Evt=activate
this=O0
_S_ID=jJcUxO2hey10F4FA2C3
_seq_=2
_uo_=O0

Project1.exe: 00004818: 10:41:31 [127.0.0.1]:Ajax=1
IsEvent=1
Obj=O0
Evt=resize
this=O0
w=517
h=265
_S_ID=jJcUxO2hey10F4FA2C3
_seq_=3
_uo_=O0

Project1.exe: 00000B9C: 10:41:37 [127.0.0.1]:Ajax=1
IsEvent=1
Obj=O23
Evt=click
this=O23
_S_ID=jJcUxO2hey10F4FA2C3
_fp_=%26O13%3D%25020%2502%2502admin%26O17%3D%25020%2502%2502mypassword
_seq_=4
_uo_=O0

Project1.exe: 000049A4: 10:41:37 [127.0.0.1]:Ajax=1
IsEvent=1
Obj=O0
Evt=deactivate
this=O0
_S_ID=jJcUxO2hey10F4FA2C3
_seq_=5
_a_=1
_uo_=O0

Project1.exe: 00003AF4: 10:41:40 [127.0.0.1]:Ajax=1
IsEvent=1
Obj=O31
Evt=move
this=O31
x=618
y=247
_S_ID=jJcUxO2hey10F4FA2C3
_seq_=6
_a_=1
_uo_=O31

Project1.exe: 00004200: 10:41:40 [127.0.0.1]:Ajax=1
IsEvent=1
Obj=O31
Evt=resize
this=O31
w=896
h=527
_S_ID=jJcUxO2hey10F4FA2C3
_seq_=7
_a_=1
_uo_=O31

Project1.exe: 000025DC: 10:41:41 [127.0.0.1]:Ajax=1
IsEvent=1
Obj=O31
Evt=resize
this=O31
w=2133
h=1021
_S_ID=jJcUxO2hey10F4FA2C3
_seq_=8
_a_=1
_uo_=O31

Project1.exe: 00004548: 10:41:41 [127.0.0.1]:Ajax=1
IsEvent=1
Obj=O31
Evt=move
this=O31
x=0
y=0
_S_ID=jJcUxO2hey10F4FA2C3
_seq_=9
_a_=1
_uo_=O31

Project1.exe: 00002244: 10:41:41 [127.0.0.1]:Ajax=1
IsEvent=1
Obj=O31
Evt=maximize
this=O31
_S_ID=jJcUxO2hey10F4FA2C3
_seq_=a
_a_=1
_uo_=O31

Project1.exe: 00001D28: 10:41:41 [127.0.0.1]:Ajax=1
IsEvent=1
Obj=O31
Evt=activate
this=O31
_S_ID=jJcUxO2hey10F4FA2C3
_seq_=b
_a_=1
_uo_=O31

Project1.exe: 00000DB4: 10:41:43 [127.0.0.1]:Ajax=1
IsEvent=1
Obj=O66
Evt=click
this=O66
_S_ID=jJcUxO2hey10F4FA2C3
_seq_=c
_uo_=O31

Project1.exe: 00000418: 10:41:43 [127.0.0.1]:Ajax=1
IsEvent=1
Obj=O44
Evt=resize
w%3D2134
h%3D1021
_S_ID=jJcUxO2hey10F4FA2C3
_seq_=d
_a_=1
_uo_=O31

Project1.exe: 00001EF4: 10:41:46 [127.0.0.1]:Ajax=1
IsEvent=1
Obj=O6B
Evt=move
this=O6B
x=648
y=266
_S_ID=jJcUxO2hey10F4FA2C3
_seq_=e
_a_=1
_uo_=O6B

Project1.exe: 00004754: 10:41:46 [127.0.0.1]:Ajax=1
IsEvent=1
Obj=O6B
Evt=resize
this=O6B
w=837
h=488
_S_ID=jJcUxO2hey10F4FA2C3
_seq_=f
_a_=1
_uo_=O6B

Project1.exe: 00000178: 10:41:46 [127.0.0.1]:Ajax=1
IsEvent=1
Obj=O31
Evt=deactivate
this=O31
_S_ID=jJcUxO2hey10F4FA2C3
_seq_=10
_a_=1
_uo_=O31

Project1.exe: 000044B0: 10:41:47 [127.0.0.1]:IsEvent=1
Obj=O82
Evt=data
_dc=1723606903753
start=0
limit=25
options=1
page=1

Project1.exe: 00001A84: 10:41:47 [127.0.0.1]:Ajax=1
IsEvent=1
Obj=O6B
Evt=activate
this=O6B
_S_ID=jJcUxO2hey10F4FA2C3
_seq_=11
_a_=1
_uo_=O6B

Project1.exe: 00001C7C: 10:41:48 [127.0.0.1]:Ajax=1
IsEvent=1
Obj=O82
Evt=load
this=O82
_S_ID=jJcUxO2hey10F4FA2C3
_fp_=%26O8B%3D%25020%2502%2502poak%26O8F%3D%25020%2502%2502pokfpaoi%26O93%3D%25020%2502%2502no
_seq_=12
_a_=1
_uo_=O6B

Project1.exe: 000030A8: 10:41:50 [127.0.0.1]:Ajax=1
IsEvent=1
Obj=O97
Evt=edited
This=O97
_S_ID=jJcUxO2hey10F4FA2C3
_seq_=13
_uo_=O6B

Project1.exe: 00000288: 10:41:50 [127.0.0.1]:Ajax=1
IsEvent=1
Obj=O97
Evt=select

_S_ID=jJcUxO2hey10F4FA2C3
_fp_=%26O97%3D%25020%2502%2502staff
_seq_=14
_uo_=O6B

Project1.exe: 00003DFC: 10:41:53 [127.0.0.1]:Ajax=1
IsEvent=1
Obj=O97
Evt=blurchange
_S_ID=jJcUxO2hey10F4FA2C3
_seq_=15
_uo_=O6B

Project1.exe: 0000461C: 10:41:53 [127.0.0.1]:Ajax=1
IsEvent=1
Obj=O87
Evt=click
this=O87
_S_ID=jJcUxO2hey10F4FA2C3
_seq_=16
_uo_=O6B

Project1.exe: 00000EE0: 10:46:01 []:>--------------------------------------------------------------<
Project1.exe: 00000EE0: 10:46:01 [TUniServerModule]:Server First Init.
Project1.exe: 00000EE0: 10:46:01 [TUniServerModule]:Start Path = D:\aplikasi\selfdev\delphi\
Project1.exe: 00000EE0: 10:46:01 [TUniServerModule]:Debug Mode = ON
Project1.exe: 00000EE0: 10:46:01 [TUniGUISessionManager]:Cache erase job created, Folder count: [1]
Project1.exe: 00000EE0: 10:46:01 [TUniServerModule]:Starting HTTP Server on Port: 8077...
Project1.exe: 00000EE0: 10:46:01 [TUniServerModule]:HTTP Server Started on Port: 8077
Project1.exe: 000004CC: 10:46:03 [127.0.0.1]:EUniSessionException : Invalid session or session Timeout. (Session not found: jJcUxO2hey10F4FA2C3 ) : Addr: $005D6B01
Project1.exe: 00000054: 10:47:52 [127.0.0.1]:
Project1.exe: 000020F8: 10:47:52 [127.0.0.1]:Ajax=1
IsEvent=1
Obj=O0
Evt=cinfo
ci=br%3D33%3Bos%3D4%3Bbv%3D127%3Bww%3D2133%3Bwh%3D1021
_S_ID=3zaKXRJKnX10F4FA47F
_seq_=0
_uo_=O0

Project1.exe: 00003054: 10:47:54 [127.0.0.1]:Ajax=1
IsEvent=1
Obj=O0
Evt=move
this=O0
x=808
y=378
_S_ID=3zaKXRJKnX10F4FA47F
_seq_=1
_uo_=O0

Project1.exe: 00002F90: 10:47:54 [127.0.0.1]:Ajax=1
IsEvent=1
Obj=O0
Evt=activate
this=O0
_S_ID=3zaKXRJKnX10F4FA47F
_seq_=2
_uo_=O0

Project1.exe: 00004E48: 10:47:54 [127.0.0.1]:Ajax=1
IsEvent=1
Obj=O0
Evt=resize
this=O0
w=517
h=265
_S_ID=3zaKXRJKnX10F4FA47F
_seq_=3
_uo_=O0

Project1.exe: 00005B54: 10:47:59 [127.0.0.1]:Ajax=1
IsEvent=1
Obj=O23
Evt=click
this=O23
_S_ID=3zaKXRJKnX10F4FA47F
_fp_=%26O13%3D%25020%2502%2502admin%26O17%3D%25020%2502%2502mypassword
_seq_=4
_uo_=O0

Project1.exe: 00005BF0: 10:47:59 [127.0.0.1]:Ajax=1
IsEvent=1
Obj=O0
Evt=deactivate
this=O0
_S_ID=3zaKXRJKnX10F4FA47F
_seq_=5
_a_=1
_uo_=O0

Project1.exe: 000041B8: 10:48:01 [127.0.0.1]:Ajax=1
IsEvent=1
Obj=O31
Evt=move
this=O31
x=618
y=247
_S_ID=3zaKXRJKnX10F4FA47F
_seq_=6
_a_=1
_uo_=O31

Project1.exe: 00002C30: 10:48:01 [127.0.0.1]:Ajax=1
IsEvent=1
Obj=O31
Evt=resize
this=O31
w=896
h=527
_S_ID=3zaKXRJKnX10F4FA47F
_seq_=7
_a_=1
_uo_=O31

Project1.exe: 00000B20: 10:48:03 [127.0.0.1]:Ajax=1
IsEvent=1
Obj=O31
Evt=resize
this=O31
w=2133
h=1021
_S_ID=3zaKXRJKnX10F4FA47F
_seq_=8
_a_=1
_uo_=O31

Project1.exe: 00005FA4: 10:48:03 [127.0.0.1]:Ajax=1
IsEvent=1
Obj=O31
Evt=move
this=O31
x=0
y=0
_S_ID=3zaKXRJKnX10F4FA47F
_seq_=9
_a_=1
_uo_=O31

Project1.exe: 00005F50: 10:48:03 [127.0.0.1]:Ajax=1
IsEvent=1
Obj=O31
Evt=maximize
this=O31
_S_ID=3zaKXRJKnX10F4FA47F
_seq_=a
_a_=1
_uo_=O31

Project1.exe: 00003754: 10:48:03 [127.0.0.1]:Ajax=1
IsEvent=1
Obj=O31
Evt=activate
this=O31
_S_ID=3zaKXRJKnX10F4FA47F
_seq_=b
_a_=1
_uo_=O31

Project1.exe: 00003308: 10:48:04 [127.0.0.1]:Ajax=1
IsEvent=1
Obj=O66
Evt=click
this=O66
_S_ID=3zaKXRJKnX10F4FA47F
_seq_=c
_uo_=O31

Project1.exe: 00004E88: 10:49:33 []:>--------------------------------------------------------------<
Project1.exe: 00004E88: 10:49:33 [TUniServerModule]:Server First Init.
Project1.exe: 00004E88: 10:49:33 [TUniServerModule]:Start Path = D:\aplikasi\selfdev\delphi\
Project1.exe: 00004E88: 10:49:33 [TUniServerModule]:Debug Mode = ON
Project1.exe: 00004E88: 10:49:33 [TUniGUISessionManager]:Cache erase job created, Folder count: [1]
Project1.exe: 00004E88: 10:49:33 [TUniServerModule]:Starting HTTP Server on Port: 8077...
Project1.exe: 00004E88: 10:49:33 [TUniServerModule]:HTTP Server Started on Port: 8077
Project1.exe: 00000660: 10:49:34 [127.0.0.1]:EUniSessionException : Invalid session or session Timeout. (Session not found: 3zaKXRJKnX10F4FA47F ) : Addr: $005D6B01
Project1.exe: 00000BF0: 10:49:36 [127.0.0.1]:EUniSessionException : Invalid session or session Timeout. (Session not found: 3zaKXRJKnX10F4FA47F ) : Addr: $005D6B01
Project1.exe: 00003BEC: 10:49:41 [127.0.0.1]:
Project1.exe: 000012BC: 10:49:42 [127.0.0.1]:Ajax=1
IsEvent=1
Obj=O0
Evt=cinfo
ci=br%3D33%3Bos%3D4%3Bbv%3D127%3Bww%3D2133%3Bwh%3D1021
_S_ID=Bh614nEewI10F4FA4FE
_seq_=0
_uo_=O0

Project1.exe: 00003D94: 10:49:44 [127.0.0.1]:Ajax=1
IsEvent=1
Obj=O0
Evt=move
this=O0
x=808
y=378
_S_ID=Bh614nEewI10F4FA4FE
_seq_=1
_uo_=O0

Project1.exe: 00005F14: 10:49:44 [127.0.0.1]:Ajax=1
IsEvent=1
Obj=O0
Evt=activate
this=O0
_S_ID=Bh614nEewI10F4FA4FE
_seq_=2
_uo_=O0

Project1.exe: 0000091C: 10:49:44 [127.0.0.1]:Ajax=1
IsEvent=1
Obj=O0
Evt=resize
this=O0
w=517
h=265
_S_ID=Bh614nEewI10F4FA4FE
_seq_=3
_uo_=O0

Project1.exe: 00004DE0: 10:49:55 [127.0.0.1]:Ajax=1
IsEvent=1
Obj=O23
Evt=click
this=O23
_S_ID=Bh614nEewI10F4FA4FE
_fp_=%26O13%3D%25020%2502%2502admin%26O17%3D%25020%2502%2502mypassword
_seq_=4
_uo_=O0

Project1.exe: 00005950: 10:49:56 [127.0.0.1]:Ajax=1
IsEvent=1
Obj=O0
Evt=deactivate
this=O0
_S_ID=Bh614nEewI10F4FA4FE
_seq_=5
_a_=1
_uo_=O0

Project1.exe: 00005F88: 10:49:57 [127.0.0.1]:Ajax=1
IsEvent=1
Obj=O31
Evt=move
this=O31
x=618
y=247
_S_ID=Bh614nEewI10F4FA4FE
_seq_=6
_a_=1
_uo_=O31

Project1.exe: 00003438: 10:49:58 [127.0.0.1]:Ajax=1
IsEvent=1
Obj=O31
Evt=resize
this=O31
w=896
h=527
_S_ID=Bh614nEewI10F4FA4FE
_seq_=7
_a_=1
_uo_=O31

Project1.exe: 00003444: 10:49:59 [127.0.0.1]:Ajax=1
IsEvent=1
Obj=O31
Evt=resize
this=O31
w=2133
h=1021
_S_ID=Bh614nEewI10F4FA4FE
_seq_=8
_a_=1
_uo_=O31

Project1.exe: 00004968: 10:49:59 [127.0.0.1]:Ajax=1
IsEvent=1
Obj=O31
Evt=move
this=O31
x=0
y=0
_S_ID=Bh614nEewI10F4FA4FE
_seq_=9
_a_=1
_uo_=O31

Project1.exe: 000021D8: 10:49:59 [127.0.0.1]:Ajax=1
IsEvent=1
Obj=O31
Evt=maximize
this=O31
_S_ID=Bh614nEewI10F4FA4FE
_seq_=a
_a_=1
_uo_=O31

Project1.exe: 00005C68: 10:49:59 [127.0.0.1]:Ajax=1
IsEvent=1
Obj=O31
Evt=activate
this=O31
_S_ID=Bh614nEewI10F4FA4FE
_seq_=b
_a_=1
_uo_=O31

Project1.exe: 00002D74: 10:50:01 [127.0.0.1]:Ajax=1
IsEvent=1
Obj=O66
Evt=click
this=O66
_S_ID=Bh614nEewI10F4FA4FE
_seq_=c
_uo_=O31

Project1.exe: 00002D84: 10:51:28 []:>--------------------------------------------------------------<
Project1.exe: 00002D84: 10:51:28 [TUniServerModule]:Server First Init.
Project1.exe: 00002D84: 10:51:28 [TUniServerModule]:Start Path = D:\aplikasi\selfdev\delphi\
Project1.exe: 00002D84: 10:51:28 [TUniServerModule]:Debug Mode = ON
Project1.exe: 00002D84: 10:51:28 [TUniGUISessionManager]:Cache erase job created, Folder count: [1]
Project1.exe: 00002D84: 10:51:28 [TUniServerModule]:Starting HTTP Server on Port: 8077...
Project1.exe: 00002D84: 10:51:28 [TUniServerModule]:HTTP Server Started on Port: 8077
Project1.exe: 00005130: 10:51:29 [127.0.0.1]:EUniSessionException : Invalid session or session Timeout. (Session not found: Bh614nEewI10F4FA4FE ) : Addr: $007EC6E5
Project1.exe: 00004A54: 10:51:30 [127.0.0.1]:EUniSessionException : Invalid session or session Timeout. (Session not found: Bh614nEewI10F4FA4FE ) : Addr: $007EC6E5
Project1.exe: 00000B0C: 10:51:52 [127.0.0.1]:
Project1.exe: 00002CC0: 10:51:52 [127.0.0.1]:Ajax=1
IsEvent=1
Obj=O0
Evt=cinfo
ci=br%3D33%3Bos%3D4%3Bbv%3D127%3Bww%3D2133%3Bwh%3D1021
_S_ID=LWyNpQ8EI110F4FA595
_seq_=0
_uo_=O0

Project1.exe: 00001060: 10:51:54 [127.0.0.1]:Ajax=1
IsEvent=1
Obj=O0
Evt=move
this=O0
x=808
y=378
_S_ID=LWyNpQ8EI110F4FA595
_seq_=1
_uo_=O0

Project1.exe: 00005A5C: 10:51:54 [127.0.0.1]:Ajax=1
IsEvent=1
Obj=O0
Evt=activate
this=O0
_S_ID=LWyNpQ8EI110F4FA595
_seq_=2
_uo_=O0

Project1.exe: 000031CC: 10:51:54 [127.0.0.1]:Ajax=1
IsEvent=1
Obj=O0
Evt=resize
this=O0
w=517
h=265
_S_ID=LWyNpQ8EI110F4FA595
_seq_=3
_uo_=O0

Project1.exe: 00002CCC: 10:51:59 [127.0.0.1]:Ajax=1
IsEvent=1
Obj=O23
Evt=click
this=O23
_S_ID=LWyNpQ8EI110F4FA595
_fp_=%26O13%3D%25020%2502%2502admin%26O17%3D%25020%2502%2502mypassword
_seq_=4
_uo_=O0

Project1.exe: 00005628: 10:51:59 [127.0.0.1]:Ajax=1
IsEvent=1
Obj=O0
Evt=deactivate
this=O0
_S_ID=LWyNpQ8EI110F4FA595
_seq_=5
_a_=1
_uo_=O0

Project1.exe: 000009A0: 10:52:02 [127.0.0.1]:Ajax=1
IsEvent=1
Obj=O31
Evt=move
this=O31
x=618
y=247
_S_ID=LWyNpQ8EI110F4FA595
_seq_=6
_a_=1
_uo_=O31

Project1.exe: 000025DC: 10:52:02 [127.0.0.1]:Ajax=1
IsEvent=1
Obj=O31
Evt=resize
this=O31
w=896
h=527
_S_ID=LWyNpQ8EI110F4FA595
_seq_=7
_a_=1
_uo_=O31

Project1.exe: 00001A40: 10:52:02 [127.0.0.1]:Ajax=1
IsEvent=1
Obj=O31
Evt=resize
this=O31
w=2133
h=1021
_S_ID=LWyNpQ8EI110F4FA595
_seq_=8
_a_=1
_uo_=O31

Project1.exe: 00002B90: 10:52:02 [127.0.0.1]:Ajax=1
IsEvent=1
Obj=O31
Evt=move
this=O31
x=0
y=0
_S_ID=LWyNpQ8EI110F4FA595
_seq_=9
_a_=1
_uo_=O31

Project1.exe: 00002DD4: 10:52:04 [127.0.0.1]:Ajax=1
IsEvent=1
Obj=O31
Evt=maximize
this=O31
_S_ID=LWyNpQ8EI110F4FA595
_seq_=a
_a_=1
_uo_=O31

Project1.exe: 00002080: 10:52:04 [127.0.0.1]:Ajax=1
IsEvent=1
Obj=O31
Evt=activate
this=O31
_S_ID=LWyNpQ8EI110F4FA595
_seq_=b
_a_=1
_uo_=O31

Project1.exe: 00004BF0: 10:52:04 [127.0.0.1]:Ajax=1
IsEvent=1
Obj=O66
Evt=click
this=O66
_S_ID=LWyNpQ8EI110F4FA595
_seq_=c
_uo_=O31

Project1.exe: 00004154: 10:54:54 []:>--------------------------------------------------------------<
Project1.exe: 00004154: 10:54:54 [TUniServerModule]:Server First Init.
Project1.exe: 00004154: 10:54:54 [TUniServerModule]:Start Path = D:\aplikasi\selfdev\delphi\
Project1.exe: 00004154: 10:54:54 [TUniServerModule]:Debug Mode = ON
Project1.exe: 00004154: 10:54:54 [TUniGUISessionManager]:Cache erase job created, Folder count: [1]
Project1.exe: 00004154: 10:54:54 [TUniServerModule]:Starting HTTP Server on Port: 8077...
Project1.exe: 00004154: 10:54:54 [TUniServerModule]:HTTP Server Started on Port: 8077
Project1.exe: 000019F4: 10:54:55 [127.0.0.1]:EUniSessionException : Invalid session or session Timeout. (Session not found: LWyNpQ8EI110F4FA595 ) : Addr: $005D6B01
Project1.exe: 00005EA4: 10:54:56 [127.0.0.1]:EUniSessionException : Invalid session or session Timeout. (Session not found: LWyNpQ8EI110F4FA595 ) : Addr: $005D6B01
Project1.exe: 00005EC0: 10:55:01 [127.0.0.1]:
Project1.exe: 00003358: 10:55:03 [127.0.0.1]:Ajax=1
IsEvent=1
Obj=O0
Evt=cinfo
ci=br%3D33%3Bos%3D4%3Bbv%3D127%3Bww%3D2133%3Bwh%3D1021
_S_ID=OK7cTAgRPr10F4FA670
_seq_=0
_uo_=O0

Project1.exe: 00005A38: 10:55:04 [127.0.0.1]:Ajax=1
IsEvent=1
Obj=O0
Evt=move
this=O0
x=808
y=378
_S_ID=OK7cTAgRPr10F4FA670
_seq_=1
_uo_=O0

Project1.exe: 00001098: 10:55:04 [127.0.0.1]:Ajax=1
IsEvent=1
Obj=O0
Evt=activate
this=O0
_S_ID=OK7cTAgRPr10F4FA670
_seq_=2
_uo_=O0

Project1.exe: 0000098C: 10:55:04 [127.0.0.1]:Ajax=1
IsEvent=1
Obj=O0
Evt=resize
this=O0
w=517
h=265
_S_ID=OK7cTAgRPr10F4FA670
_seq_=3
_uo_=O0

Project1.exe: 00001E3C: 10:55:11 [127.0.0.1]:Ajax=1
IsEvent=1
Obj=O23
Evt=click
this=O23
_S_ID=OK7cTAgRPr10F4FA670
_fp_=%26O13%3D%25020%2502%2502admin%26O17%3D%25020%2502%2502mypasword
_seq_=4
_uo_=O0

Project1.exe: 000049C8: 10:55:11 [127.0.0.1]:Ajax=1
IsEvent=1
Obj=O0
Evt=deactivate
this=O0
_S_ID=OK7cTAgRPr10F4FA670
_seq_=5
_a_=1
_uo_=O0

Project1.exe: 00004BD4: 10:55:15 [127.0.0.1]:Ajax=1
IsEvent=1
Obj=O0
Evt=activate
this=O0
_S_ID=OK7cTAgRPr10F4FA670
_seq_=6
_a_=1
_uo_=O0

Project1.exe: 00002410: 10:55:17 [127.0.0.1]:Ajax=1
IsEvent=1
Obj=O23
Evt=click
this=O23
_S_ID=OK7cTAgRPr10F4FA670
_fp_=%26O17%3D%25021%2502%2502mypassword
_seq_=7
_uo_=O0

Project1.exe: 00002814: 10:55:19 [127.0.0.1]:Ajax=1
IsEvent=1
Obj=O0
Evt=deactivate
this=O0
_S_ID=OK7cTAgRPr10F4FA670
_seq_=8
_a_=1
_uo_=O0

Project1.exe: 000048A4: 10:55:20 [127.0.0.1]:Ajax=1
IsEvent=1
Obj=O31
Evt=move
this=O31
x=618
y=247
_S_ID=OK7cTAgRPr10F4FA670
_seq_=9
_a_=1
_uo_=O31

Project1.exe: 00005130: 10:55:20 [127.0.0.1]:Ajax=1
IsEvent=1
Obj=O31
Evt=resize
this=O31
w=896
h=527
_S_ID=OK7cTAgRPr10F4FA670
_seq_=a
_a_=1
_uo_=O31

Project1.exe: 00004A54: 10:55:21 [127.0.0.1]:Ajax=1
IsEvent=1
Obj=O31
Evt=resize
this=O31
w=2133
h=1021
_S_ID=OK7cTAgRPr10F4FA670
_seq_=b
_a_=1
_uo_=O31

Project1.exe: 0000154C: 10:55:21 [127.0.0.1]:Ajax=1
IsEvent=1
Obj=O31
Evt=move
this=O31
x=0
y=0
_S_ID=OK7cTAgRPr10F4FA670
_seq_=c
_a_=1
_uo_=O31

Project1.exe: 0000492C: 10:55:21 [127.0.0.1]:Ajax=1
IsEvent=1
Obj=O31
Evt=maximize
this=O31
_S_ID=OK7cTAgRPr10F4FA670
_seq_=d
_a_=1
_uo_=O31

Project1.exe: 000059A4: 10:55:22 [127.0.0.1]:Ajax=1
IsEvent=1
Obj=O31
Evt=activate
this=O31
_S_ID=OK7cTAgRPr10F4FA670
_seq_=e
_a_=1
_uo_=O31

Project1.exe: 00005938: 10:55:23 [127.0.0.1]:Ajax=1
IsEvent=1
Obj=O44
Evt=resize
w%3D2134
h%3D1021
_S_ID=OK7cTAgRPr10F4FA670
_seq_=f
_a_=1
_uo_=O31

Project1.exe: 000018C0: 10:55:27 [127.0.0.1]:Ajax=1
IsEvent=1
Obj=O66
Evt=click
this=O66
_S_ID=OK7cTAgRPr10F4FA670
_seq_=10
_uo_=O31

Project1.exe: 000018C0: 10:55:39 [ZQuery1: Type mismatch for field 'id', expecting: LargeInt actual: Integer-127.0.0.1]:EDatabaseError : ZQuery1: Type mismatch for field 'id', expecting: LargeInt actual: Integer : Addr: $0052D1E2
Project1.exe: 000039B4: 10:55:42 [127.0.0.1]:Ajax=1
IsEvent=1
Obj=O6B
Evt=move
this=O6B
x=648
y=266
_S_ID=OK7cTAgRPr10F4FA670
_seq_=11
_a_=1
_uo_=O6B

Project1.exe: 000021B4: 10:55:42 [127.0.0.1]:Ajax=1
IsEvent=1
Obj=O6B
Evt=resize
this=O6B
w=837
h=488
_S_ID=OK7cTAgRPr10F4FA670
_seq_=12
_a_=1
_uo_=O6B

Project1.exe: 00005F50: 10:55:42 [127.0.0.1]:Ajax=1
IsEvent=1
Obj=O31
Evt=deactivate
this=O31
_S_ID=OK7cTAgRPr10F4FA670
_seq_=13
_a_=1
_uo_=O31

Project1.exe: 00003E5C: 10:55:44 [127.0.0.1]:Ajax=1
IsEvent=1
Obj=O6B
Evt=activate
this=O6B
_S_ID=OK7cTAgRPr10F4FA670
_seq_=14
_a_=1
_uo_=O6B

Project1.exe: 00005984: 10:55:45 [127.0.0.1]:IsEvent=1
Obj=O82
Evt=data
_dc=1723607744694
start=0
limit=25
options=1
page=1

Project1.exe: 00004530: 10:55:46 [127.0.0.1]:Ajax=1
IsEvent=1
Obj=O82
Evt=load
this=O82
_S_ID=OK7cTAgRPr10F4FA670
_seq_=15
_a_=1
_uo_=O6B

Project1.exe: 00003AE4: 10:56:24 [127.0.0.1]:Ajax=1
IsEvent=1
Obj=O39
Evt=bclose
app=
_S_ID=OK7cTAgRPr10F4FA670
_seq_=16
_uo_=O31

Project1.exe: 00003F1C: 10:56:25 [127.0.0.1]:
Project1.exe: 000033DC: 10:56:27 [127.0.0.1]:Ajax=1
IsEvent=1
Obj=O0
Evt=cinfo
ci=br%3D33%3Bos%3D4%3Bbv%3D127%3Bww%3D2133%3Bwh%3D1021
_S_ID=CZAIpt6UTA10F4FA6D1
_seq_=0
_uo_=O0

Project1.exe: 00005124: 10:56:28 [127.0.0.1]:Ajax=1
IsEvent=1
Obj=O0
Evt=move
this=O0
x=808
y=378
_S_ID=CZAIpt6UTA10F4FA6D1
_seq_=1
_uo_=O0

Project1.exe: 0000402C: 10:56:28 [127.0.0.1]:Ajax=1
IsEvent=1
Obj=O0
Evt=activate
this=O0
_S_ID=CZAIpt6UTA10F4FA6D1
_seq_=2
_uo_=O0

Project1.exe: 00003858: 10:56:28 [127.0.0.1]:Ajax=1
IsEvent=1
Obj=O0
Evt=resize
this=O0
w=517
h=265
_S_ID=CZAIpt6UTA10F4FA6D1
_seq_=3
_uo_=O0

Project1.exe: 00003594: 10:56:33 [127.0.0.1]:Ajax=1
IsEvent=1
Obj=O23
Evt=click
this=O23
_S_ID=CZAIpt6UTA10F4FA6D1
_fp_=%26O13%3D%25020%2502%2502admin%26O17%3D%25020%2502%2502mypassword
_seq_=4
_uo_=O0

Project1.exe: 000053E4: 10:56:33 [127.0.0.1]:Ajax=1
IsEvent=1
Obj=O0
Evt=deactivate
this=O0
_S_ID=CZAIpt6UTA10F4FA6D1
_seq_=5
_a_=1
_uo_=O0

Project1.exe: 00003BA0: 10:56:35 [127.0.0.1]:Ajax=1
IsEvent=1
Obj=O31
Evt=move
this=O31
x=618
y=247
_S_ID=CZAIpt6UTA10F4FA6D1
_seq_=6
_a_=1
_uo_=O31

Project1.exe: 00004A10: 10:56:35 [127.0.0.1]:Ajax=1
IsEvent=1
Obj=O31
Evt=resize
this=O31
w=896
h=527
_S_ID=CZAIpt6UTA10F4FA6D1
_seq_=7
_a_=1
_uo_=O31

Project1.exe: 000055F4: 10:56:36 [127.0.0.1]:Ajax=1
IsEvent=1
Obj=O31
Evt=resize
this=O31
w=2133
h=1021
_S_ID=CZAIpt6UTA10F4FA6D1
_seq_=8
_a_=1
_uo_=O31

Project1.exe: 00002478: 10:56:36 [127.0.0.1]:Ajax=1
IsEvent=1
Obj=O31
Evt=move
this=O31
x=0
y=0
_S_ID=CZAIpt6UTA10F4FA6D1
_seq_=9
_a_=1
_uo_=O31

Project1.exe: 000045EC: 10:56:37 [127.0.0.1]:Ajax=1
IsEvent=1
Obj=O31
Evt=maximize
this=O31
_S_ID=CZAIpt6UTA10F4FA6D1
_seq_=a
_a_=1
_uo_=O31

Project1.exe: 000058C4: 10:56:38 [127.0.0.1]:Ajax=1
IsEvent=1
Obj=O31
Evt=activate
this=O31
_S_ID=CZAIpt6UTA10F4FA6D1
_seq_=b
_a_=1
_uo_=O31

Project1.exe: 00002178: 10:56:38 [127.0.0.1]:Ajax=1
IsEvent=1
Obj=O66
Evt=click
this=O66
_S_ID=CZAIpt6UTA10F4FA6D1
_seq_=c
_uo_=O31

Project1.exe: 00002178: 10:56:58 [ZQuery1: Type mismatch for field 'id', expecting: LargeInt actual: Integer-127.0.0.1]:EDatabaseError : ZQuery1: Type mismatch for field 'id', expecting: LargeInt actual: Integer : Addr: $0052D1E2
Project1.exe: 0000566C: 10:57:00 [127.0.0.1]:Ajax=1
IsEvent=1
Obj=O44
Evt=resize
w%3D2134
h%3D1021
_S_ID=CZAIpt6UTA10F4FA6D1
_seq_=d
_a_=1
_uo_=O31

Project1.exe: 000016A4: 10:57:00 [127.0.0.1]:Ajax=1
IsEvent=1
Obj=O6B
Evt=move
this=O6B
x=648
y=266
_S_ID=CZAIpt6UTA10F4FA6D1
_seq_=e
_a_=1
_uo_=O6B

Project1.exe: 00005A9C: 10:57:00 [127.0.0.1]:Ajax=1
IsEvent=1
Obj=O6B
Evt=resize
this=O6B
w=837
h=488
_S_ID=CZAIpt6UTA10F4FA6D1
_seq_=f
_a_=1
_uo_=O6B

Project1.exe: 0000297C: 10:57:05 [127.0.0.1]:Ajax=1
IsEvent=1
Obj=O31
Evt=deactivate
this=O31
_S_ID=CZAIpt6UTA10F4FA6D1
_seq_=10
_a_=1
_uo_=O31

Project1.exe: 00004CDC: 10:57:05 [127.0.0.1]:IsEvent=1
Obj=O82
Evt=data
_dc=1723607823308
start=0
limit=25
options=1
page=1

Project1.exe: 0000558C: 10:57:05 [127.0.0.1]:Ajax=1
IsEvent=1
Obj=O6B
Evt=activate
this=O6B
_S_ID=CZAIpt6UTA10F4FA6D1
_seq_=11
_a_=1
_uo_=O6B

Project1.exe: 00004030: 10:57:05 [127.0.0.1]:Ajax=1
IsEvent=1
Obj=O82
Evt=load
this=O82
_S_ID=CZAIpt6UTA10F4FA6D1
_seq_=12
_a_=1
_uo_=O6B

Project1.exe: 000024A4: 11:00:46 []:>--------------------------------------------------------------<
Project1.exe: 000024A4: 11:00:46 [TUniServerModule]:Server First Init.
Project1.exe: 000024A4: 11:00:46 [TUniServerModule]:Start Path = D:\aplikasi\selfdev\delphi\
Project1.exe: 000024A4: 11:00:46 [TUniServerModule]:Debug Mode = ON
Project1.exe: 000024A4: 11:00:46 [TUniGUISessionManager]:Cache erase job created, Folder count: [1]
Project1.exe: 000024A4: 11:00:47 [TUniServerModule]:Starting HTTP Server on Port: 8077...
Project1.exe: 000024A4: 11:00:47 [TUniServerModule]:HTTP Server Started on Port: 8077
Project1.exe: 00004290: 11:01:35 [127.0.0.1]:
Project1.exe: 00001FF8: 11:01:38 [127.0.0.1]:Ajax=1
IsEvent=1
Obj=O0
Evt=cinfo
ci=br%3D33%3Bos%3D4%3Bbv%3D127%3Bww%3D2133%3Bwh%3D1021
_S_ID=1OMr7hPfZu10F4FA838
_seq_=0
_uo_=O0

Project1.exe: 0000361C: 11:01:40 [127.0.0.1]:Ajax=1
IsEvent=1
Obj=O0
Evt=move
this=O0
x=808
y=378
_S_ID=1OMr7hPfZu10F4FA838
_seq_=1
_uo_=O0

Project1.exe: 000004F0: 11:01:40 [127.0.0.1]:Ajax=1
IsEvent=1
Obj=O0
Evt=activate
this=O0
_S_ID=1OMr7hPfZu10F4FA838
_seq_=2
_uo_=O0

Project1.exe: 000014D8: 11:01:40 [127.0.0.1]:Ajax=1
IsEvent=1
Obj=O0
Evt=resize
this=O0
w=517
h=265
_S_ID=1OMr7hPfZu10F4FA838
_seq_=3
_uo_=O0

Project1.exe: 000012BC: 11:01:42 [127.0.0.1]:Ajax=1
IsEvent=1
Obj=O23
Evt=click
this=O23
_S_ID=1OMr7hPfZu10F4FA838
_fp_=%26O13%3D%25020%2502%2502admin%26O17%3D%25020%2502%2502mypassword
_seq_=4
_uo_=O0

Project1.exe: 00003500: 11:01:44 [127.0.0.1]:Ajax=1
IsEvent=1
Obj=O0
Evt=deactivate
this=O0
_S_ID=1OMr7hPfZu10F4FA838
_seq_=5
_a_=1
_uo_=O0

Project1.exe: 00000CF8: 11:01:44 [127.0.0.1]:Ajax=1
IsEvent=1
Obj=O31
Evt=move
this=O31
x=618
y=247
_S_ID=1OMr7hPfZu10F4FA838
_seq_=6
_a_=1
_uo_=O31

Project1.exe: 00005FEC: 11:01:44 [127.0.0.1]:Ajax=1
IsEvent=1
Obj=O31
Evt=resize
this=O31
w=896
h=527
_S_ID=1OMr7hPfZu10F4FA838
_seq_=7
_a_=1
_uo_=O31

Project1.exe: 000009E0: 11:01:44 [127.0.0.1]:Ajax=1
IsEvent=1
Obj=O31
Evt=resize
this=O31
w=2133
h=1021
_S_ID=1OMr7hPfZu10F4FA838
_seq_=8
_a_=1
_uo_=O31

Project1.exe: 00001C7C: 11:01:47 [127.0.0.1]:Ajax=1
IsEvent=1
Obj=O31
Evt=move
this=O31
x=0
y=0
_S_ID=1OMr7hPfZu10F4FA838
_seq_=9
_a_=1
_uo_=O31

Project1.exe: 00002FC8: 11:01:47 [127.0.0.1]:Ajax=1
IsEvent=1
Obj=O31
Evt=maximize
this=O31
_S_ID=1OMr7hPfZu10F4FA838
_seq_=a
_a_=1
_uo_=O31

Project1.exe: 00004530: 11:01:47 [127.0.0.1]:Ajax=1
IsEvent=1
Obj=O31
Evt=activate
this=O31
_S_ID=1OMr7hPfZu10F4FA838
_seq_=b
_a_=1
_uo_=O31

Project1.exe: 000056E0: 11:01:48 [127.0.0.1]:Ajax=1
IsEvent=1
Obj=O66
Evt=click
this=O66
_S_ID=1OMr7hPfZu10F4FA838
_seq_=c
_uo_=O31

Project1.exe: 000039DC: 11:32:05 []:>--------------------------------------------------------------<
Project1.exe: 000039DC: 11:32:05 [TUniServerModule]:Server First Init.
Project1.exe: 000039DC: 11:32:05 [TUniServerModule]:Start Path = D:\aplikasi\selfdev\delphi\
Project1.exe: 000039DC: 11:32:05 [TUniServerModule]:Debug Mode = ON
Project1.exe: 000039DC: 11:32:05 [TUniGUISessionManager]:Cache erase job created, Folder count: [1]
Project1.exe: 000039DC: 11:32:05 [TUniServerModule]:Starting HTTP Server on Port: 8077...
Project1.exe: 000039DC: 11:32:06 [TUniServerModule]:HTTP Server Started on Port: 8077
Project1.exe: 000051F4: 11:32:15 [127.0.0.1]:EUniSessionException : Invalid session or session Timeout. (Session not found: 1OMr7hPfZu10F4FA838 ) : Addr: $007EC6E5
Project1.exe: 00004A40: 11:32:15 [127.0.0.1]:EUniSessionException : Invalid session or session Timeout. (Session not found: 1OMr7hPfZu10F4FA838 ) : Addr: $007EC6E5
Project1.exe: 000053E4: 11:32:16 [127.0.0.1]:EUniSessionException : Invalid session or session Timeout. (Session not found: 1OMr7hPfZu10F4FA838 ) : Addr: $007EC6E5
Project1.exe: 000051C4: 11:32:17 [127.0.0.1]:
Project1.exe: 0000049C: 11:32:19 [127.0.0.1]:Ajax=1
IsEvent=1
Obj=O0
Evt=cinfo
ci=br%3D33%3Bos%3D4%3Bbv%3D127%3Bww%3D2133%3Bwh%3D1021
_S_ID=o5PzCvIpN810F4FB08B
_seq_=0
_uo_=O0

Project1.exe: 000057E8: 11:32:21 [127.0.0.1]:Ajax=1
IsEvent=1
Obj=O0
Evt=move
this=O0
x=808
y=378
_S_ID=o5PzCvIpN810F4FB08B
_seq_=1
_uo_=O0

Project1.exe: 00002A98: 11:32:21 [127.0.0.1]:Ajax=1
IsEvent=1
Obj=O0
Evt=activate
this=O0
_S_ID=o5PzCvIpN810F4FB08B
_seq_=2
_uo_=O0

Project1.exe: 00005EC8: 11:32:21 [127.0.0.1]:Ajax=1
IsEvent=1
Obj=O0
Evt=resize
this=O0
w=517
h=265
_S_ID=o5PzCvIpN810F4FB08B
_seq_=3
_uo_=O0

Project1.exe: 000036AC: 11:32:25 [127.0.0.1]:Ajax=1
IsEvent=1
Obj=O23
Evt=click
this=O23
_S_ID=o5PzCvIpN810F4FB08B
_fp_=%26O13%3D%25020%2502%2502admin%26O17%3D%25020%2502%2502mypassword
_seq_=4
_uo_=O0

Project1.exe: 00001DC0: 11:32:25 [127.0.0.1]:Ajax=1
IsEvent=1
Obj=O0
Evt=deactivate
this=O0
_S_ID=o5PzCvIpN810F4FB08B
_seq_=5
_a_=1
_uo_=O0

Project1.exe: 00001710: 11:32:27 [127.0.0.1]:Ajax=1
IsEvent=1
Obj=O31
Evt=move
this=O31
x=618
y=247
_S_ID=o5PzCvIpN810F4FB08B
_seq_=6
_a_=1
_uo_=O31

Project1.exe: 000024E0: 11:32:27 [127.0.0.1]:Ajax=1
IsEvent=1
Obj=O31
Evt=resize
this=O31
w=896
h=527
_S_ID=o5PzCvIpN810F4FB08B
_seq_=7
_a_=1
_uo_=O31

Project1.exe: 00004F14: 11:32:27 [127.0.0.1]:Ajax=1
IsEvent=1
Obj=O31
Evt=resize
this=O31
w=2133
h=1021
_S_ID=o5PzCvIpN810F4FB08B
_seq_=8
_a_=1
_uo_=O31

Project1.exe: 00001694: 11:32:27 [127.0.0.1]:Ajax=1
IsEvent=1
Obj=O31
Evt=move
this=O31
x=0
y=0
_S_ID=o5PzCvIpN810F4FB08B
_seq_=9
_a_=1
_uo_=O31

Project1.exe: 00004D20: 11:32:29 [127.0.0.1]:Ajax=1
IsEvent=1
Obj=O31
Evt=maximize
this=O31
_S_ID=o5PzCvIpN810F4FB08B
_seq_=a
_a_=1
_uo_=O31

Project1.exe: 00004BB4: 11:32:29 [127.0.0.1]:Ajax=1
IsEvent=1
Obj=O31
Evt=activate
this=O31
_S_ID=o5PzCvIpN810F4FB08B
_seq_=b
_a_=1
_uo_=O31

Project1.exe: 000055DC: 11:32:30 [127.0.0.1]:Ajax=1
IsEvent=1
Obj=O66
Evt=click
this=O66
_S_ID=o5PzCvIpN810F4FB08B
_seq_=c
_uo_=O31

Project1.exe: 00002570: 11:34:52 []:>--------------------------------------------------------------<
Project1.exe: 00002570: 11:34:52 [TUniServerModule]:Server First Init.
Project1.exe: 00002570: 11:34:52 [TUniServerModule]:Start Path = D:\aplikasi\selfdev\delphi\
Project1.exe: 00002570: 11:34:52 [TUniServerModule]:Debug Mode = ON
Project1.exe: 00002570: 11:34:52 [TUniGUISessionManager]:Cache erase job created, Folder count: [1]
Project1.exe: 00002570: 11:34:53 [TUniServerModule]:Starting HTTP Server on Port: 8077...
Project1.exe: 00002570: 11:34:53 [TUniServerModule]:HTTP Server Started on Port: 8077
Project1.exe: 00000B10: 11:35:00 [127.0.0.1]:EUniSessionException : Invalid session or session Timeout. (Session not found: o5PzCvIpN810F4FB08B ) : Addr: $005D6B01
Project1.exe: 00001E3C: 11:35:00 [127.0.0.1]:EUniSessionException : Invalid session or session Timeout. (Session not found: o5PzCvIpN810F4FB08B ) : Addr: $005D6B01
Project1.exe: 0000551C: 11:35:00 [127.0.0.1]:
Project1.exe: 00005DEC: 11:35:01 [127.0.0.1]:Ajax=1
IsEvent=1
Obj=O0
Evt=cinfo
ci=br%3D33%3Bos%3D4%3Bbv%3D127%3Bww%3D2133%3Bwh%3D1021
_S_ID=cbwbiejX8910F4FB148
_seq_=0
_uo_=O0

Project1.exe: 0000494C: 11:35:03 [127.0.0.1]:Ajax=1
IsEvent=1
Obj=O0
Evt=move
this=O0
x=808
y=378
_S_ID=cbwbiejX8910F4FB148
_seq_=1
_uo_=O0

Project1.exe: 000024CC: 11:35:04 [127.0.0.1]:Ajax=1
IsEvent=1
Obj=O0
Evt=activate
this=O0
_S_ID=cbwbiejX8910F4FB148
_seq_=2
_uo_=O0

Project1.exe: 000009E0: 11:35:04 [127.0.0.1]:Ajax=1
IsEvent=1
Obj=O0
Evt=resize
this=O0
w=517
h=265
_S_ID=cbwbiejX8910F4FB148
_seq_=3
_uo_=O0

Project1.exe: 00004604: 11:35:09 [127.0.0.1]:Ajax=1
IsEvent=1
Obj=O23
Evt=click
this=O23
_S_ID=cbwbiejX8910F4FB148
_fp_=%26O13%3D%25020%2502%2502admin%26O17%3D%25020%2502%2502mypassword
_seq_=4
_uo_=O0

Project1.exe: 00004D60: 11:35:09 [127.0.0.1]:Ajax=1
IsEvent=1
Obj=O0
Evt=deactivate
this=O0
_S_ID=cbwbiejX8910F4FB148
_seq_=5
_a_=1
_uo_=O0

Project1.exe: 00002A3C: 11:35:11 [127.0.0.1]:Ajax=1
IsEvent=1
Obj=O31
Evt=move
this=O31
x=618
y=247
_S_ID=cbwbiejX8910F4FB148
_seq_=6
_a_=1
_uo_=O31

Project1.exe: 00001938: 11:35:11 [127.0.0.1]:Ajax=1
IsEvent=1
Obj=O31
Evt=resize
this=O31
w=896
h=527
_S_ID=cbwbiejX8910F4FB148
_seq_=7
_a_=1
_uo_=O31

Project1.exe: 00001F48: 11:35:11 [127.0.0.1]:Ajax=1
IsEvent=1
Obj=O31
Evt=resize
this=O31
w=2133
h=1021
_S_ID=cbwbiejX8910F4FB148
_seq_=8
_a_=1
_uo_=O31

Project1.exe: 000031C0: 11:35:12 [127.0.0.1]:Ajax=1
IsEvent=1
Obj=O31
Evt=move
this=O31
x=0
y=0
_S_ID=cbwbiejX8910F4FB148
_seq_=9
_a_=1
_uo_=O31

Project1.exe: 000051F4: 11:35:12 [127.0.0.1]:Ajax=1
IsEvent=1
Obj=O31
Evt=maximize
this=O31
_S_ID=cbwbiejX8910F4FB148
_seq_=a
_a_=1
_uo_=O31

Project1.exe: 00004224: 11:35:12 [127.0.0.1]:Ajax=1
IsEvent=1
Obj=O31
Evt=activate
this=O31
_S_ID=cbwbiejX8910F4FB148
_seq_=b
_a_=1
_uo_=O31

Project1.exe: 000004CC: 11:35:14 [127.0.0.1]:Ajax=1
IsEvent=1
Obj=O66
Evt=click
this=O66
_S_ID=cbwbiejX8910F4FB148
_seq_=c
_uo_=O31

Project1.exe: 000004CC: 11:35:52 [ZQuery1: Type mismatch for field 'id', expecting: LargeInt actual: Integer-127.0.0.1]:EDatabaseError : ZQuery1: Type mismatch for field 'id', expecting: LargeInt actual: Integer : Addr: $0052D1E2
Project1.exe: 000033FC: 11:35:52 [127.0.0.1]:Ajax=1
IsEvent=1
Obj=O44
Evt=resize
w%3D2134
h%3D1021
_S_ID=cbwbiejX8910F4FB148
_seq_=d
_a_=1
_uo_=O31

